20:16:59 **** Incremental Build of configuration Debug for project Q1 ****
Info: Internal Builder is used for build
g++ -O0 -g3 -Wall -c -fmessage-length=0 -o Q1.o "..\\Q1.cpp" 
g++ -o Q1 Q1.o 
Info: Nothing to build for Q1
20:17:36 **** Incremental Build of configuration Debug for project Q2 ****
Info: Internal Builder is used for build
g++ -O0 -g3 -Wall -c -fmessage-length=0 -o "src\\Q2.o" "..\\src\\Q2.cpp" 
g++ -o Q2 "src\\Q2.o" 
Info: Nothing to build for Q1
20:20:39 **** Incremental Build of configuration Debug for project Q2 ****
Info: Internal Builder is used for build
g++ -O0 -g3 -Wall -c -fmessage-length=0 -o "src\\Q2.o" "..\\src\\Q2.cpp" 
g++ -o Q2 "src\\Q2.o" 
20:20:40 **** Build of configuration Debug for project hellp ****
make all 
'Building file: ../src/hellp.cpp'
'Invoking: Cross G++ Compiler'
g++ -O0 -g3 -Wall -c -fmessage-length=0 -MMD -MP -MF"src/hellp.d" -MT"src/hellp.o" -o "src/hellp.o" "../src/hellp.cpp"
'Finished building: ../src/hellp.cpp'
' '
'Building target: hellp'
'Invoking: Cross G++ Linker'
g++  -o "hellp"  ./src/hellp.o   
'Finished building target: hellp'
' '
Info: Nothing to build for Q2
22:30:54 **** Rebuild of configuration Debug for project hello ****
Info: Internal Builder is used for build
g++ -O0 -g3 -Wall -c -fmessage-length=0 -o "src\\hello.o" "..\\src\\hello.cpp" 
g++ -o hello.exe "src\\hello.o" 
Info: Nothing to build for hello
22:39:02 **** Rebuild of configuration Debug for project Q1 ****
Info: Internal Builder is used for build
g++ -O0 -g3 -Wall -c -fmessage-length=0 -o Q1.o "..\\Q1.cpp" 
g++ -o Q1.exe Q1.o 
Info: Nothing to build for Q1
22:43:53 **** Incremental Build of configuration Release for project Q1 ****
Info: Internal Builder is used for build
g++ -O3 -Wall -c -fmessage-length=0 -o Q1.o "..\\Q1.cpp" 
g++ -o Q1.exe Q1.o 
22:44:47 **** Incremental Build of configuration Debug for project Q1 ****
Info: Internal Builder is used for build
g++ -O0 -g3 -Wall -c -fmessage-length=0 -o Q1.o "..\\Q1.cpp" 
g++ -o Q1.exe Q1.o 
22:44:54 **** Incremental Build of configuration Release for project Q1 ****
Info: Internal Builder is used for build
g++ -O3 -Wall -c -fmessage-length=0 -o Q1.o "..\\Q1.cpp" 
g++ -o Q1.exe Q1.o 
22:45:27 **** Incremental Build of configuration Release for project Q1 ****
Info: Internal Builder is used for build
g++ -O3 -Wall -c -fmessage-length=0 -o Q1.o "..\\Q1.cpp" 
g++ -o Q1.exe Q1.o 
Info: Nothing to build for Q1
22:50:39 **** Rebuild of configuration Debug for project Q2 ****
Info: Internal Builder is used for build
g++ -O0 -g3 -Wall -c -fmessage-length=0 -o Q2.o "..\\Q2.cpp" 
g++ -o Q2.exe Q2.o 
Info: Nothing to build for Q2
22:51:38 **** Incremental Build of configuration Release for project Q2 ****
Info: Internal Builder is used for build
g++ -O3 -Wall -c -fmessage-length=0 -o Q2.o "..\\Q2.cpp" 
g++ -o Q2.exe Q2.o 
22:52:55 **** Incremental Build of configuration Release for project Q2 ****
Info: Internal Builder is used for build
g++ -O3 -Wall -c -fmessage-length=0 -o Q2.o "..\\Q2.cpp" 
g++ -o Q2.exe Q2.o 
Info: Nothing to build for Q2
22:53:28 **** Incremental Build of configuration Debug for project Q2 ****
Info: Internal Builder is used for build
g++ -O0 -g3 -Wall -c -fmessage-length=0 -o Q2.o "..\\Q2.cpp" 
g++ -o Q2.exe Q2.o 
22:53:34 **** Incremental Build of configuration Release for project Q2 ****
Info: Internal Builder is used for build
g++ -O3 -Wall -c -fmessage-length=0 -o Q2.o "..\\Q2.cpp" 
g++ -o Q2.exe Q2.o 
Info: Nothing to build for Q2
Info: Nothing to build for Q2
22:54:55 **** Incremental Build of configuration Debug for project Q2 ****
Info: Internal Builder is used for build
g++ -O0 -g3 -Wall -c -fmessage-length=0 -o Q2.o "..\\Q2.cpp" 
g++ -o Q2.exe Q2.o 
c:/mingw/bin/../lib/gcc/mingw32/5.3.0/../../../../mingw32/bin/ld.exe: cannot open output file Q2.exe: Permission denied
collect2.exe: error: ld returned 1 exit status
22:55:00 **** Incremental Build of configuration Release for project Q2 ****
Info: Internal Builder is used for build
g++ -O3 -Wall -c -fmessage-length=0 -o Q2.o "..\\Q2.cpp" 
g++ -o Q2.exe Q2.o 
22:55:42 **** Incremental Build of configuration Debug for project Q2 ****
Info: Internal Builder is used for build
g++ -O0 -g3 -Wall -c -fmessage-length=0 -o Q2.o "..\\Q2.cpp" 
g++ -o Q2.exe Q2.o 
22:55:46 **** Incremental Build of configuration Release for project Q2 ****
Info: Internal Builder is used for build
g++ -O3 -Wall -c -fmessage-length=0 -o Q2.o "..\\Q2.cpp" 
g++ -o Q2.exe Q2.o 
23:08:50 **** Rebuild of configuration Debug for project Q10 ****
Info: Internal Builder is used for build
g++ -O0 -g3 -Wall -c -fmessage-length=0 -o Q10.o "..\\Q10.cpp" 
g++ -o Q10.exe Q10.o 
Info: Nothing to build for Q2
Info: Nothing to build for Q10
23:09:40 **** Incremental Build of configuration Release for project Q10 ****
Info: Internal Builder is used for build
g++ -O3 -Wall -c -fmessage-length=0 -o Q10.o "..\\Q10.cpp" 
g++ -o Q10.exe Q10.o 
10:33:26 **** Rebuild of configuration Debug for project Q10 ****
Info: Internal Builder is used for build
g++ -O0 -g3 -Wall -c -fmessage-length=0 -o Q10.o "..\\Q10.cpp" 
g++ -o Q10.exe Q10.o 
10:33:53 **** Incremental Build of configuration Release for project Q10 ****
Info: Internal Builder is used for build
g++ -O3 -Wall -c -fmessage-length=0 -o Q10.o "..\\Q10.cpp" 
g++ -o Q10.exe Q10.o 
10:35:44 **** Rebuild of configuration Debug for project Q10 ****
Info: Internal Builder is used for build
g++ -O0 -g3 -Wall -c -fmessage-length=0 -o Q10.o "..\\Q10.cpp" 
g++ -o Q10.exe Q10.o 
10:35:49 **** Incremental Build of configuration Release for project Q10 ****
Info: Internal Builder is used for build
g++ -O3 -Wall -c -fmessage-length=0 -o Q10.o "..\\Q10.cpp" 
g++ -o Q10.exe Q10.o 
Info: Nothing to build for Q10
10:38:20 **** Incremental Build of configuration Debug for project Q10 ****
Info: Internal Builder is used for build
g++ -O0 -g3 -Wall -c -fmessage-length=0 -o Q10.o "..\\Q10.cpp" 
g++ -o Q10.exe Q10.o 
10:38:23 **** Incremental Build of configuration Release for project Q10 ****
Info: Internal Builder is used for build
g++ -O3 -Wall -c -fmessage-length=0 -o Q10.o "..\\Q10.cpp" 
g++ -o Q10.exe Q10.o 
10:38:36 **** Incremental Build of configuration Debug for project Q10 ****
Info: Internal Builder is used for build
g++ -O0 -g3 -Wall -c -fmessage-length=0 -o Q10.o "..\\Q10.cpp" 
g++ -o Q10.exe Q10.o 
10:38:40 **** Incremental Build of configuration Release for project Q10 ****
Info: Internal Builder is used for build
g++ -O3 -Wall -c -fmessage-length=0 -o Q10.o "..\\Q10.cpp" 
g++ -o Q10.exe Q10.o 
Info: Nothing to build for Q10
Info: Nothing to build for Q10
10:40:21 **** Incremental Build of configuration Debug for project Q10 ****
Info: Internal Builder is used for build
g++ -O0 -g3 -Wall -c -fmessage-length=0 -o Q10.o "..\\Q10.cpp" 
g++ -o Q10.exe Q10.o 
10:40:33 **** Incremental Build of configuration Release for project Q10 ****
Info: Internal Builder is used for build
g++ -O3 -Wall -c -fmessage-length=0 -o Q10.o "..\\Q10.cpp" 
g++ -o Q10.exe Q10.o 
Info: Nothing to build for Q10
10:41:19 **** Incremental Build of configuration Debug for project Q10 ****
Info: Internal Builder is used for build
g++ -O0 -g3 -Wall -c -fmessage-length=0 -o Q10.o "..\\Q10.cpp" 
g++ -o Q10.exe Q10.o 
10:41:23 **** Incremental Build of configuration Release for project Q10 ****
Info: Internal Builder is used for build
g++ -O3 -Wall -c -fmessage-length=0 -o Q10.o "..\\Q10.cpp" 
g++ -o Q10.exe Q10.o 
Info: Nothing to build for Q10
Info: Nothing to build for Q10
10:43:34 **** Incremental Build of configuration Debug for project Q10 ****
Info: Internal Builder is used for build
g++ -O0 -g3 -Wall -c -fmessage-length=0 -o Q10.o "..\\Q10.cpp" 
g++ -o Q10.exe Q10.o 
10:43:39 **** Incremental Build of configuration Release for project Q10 ****
Info: Internal Builder is used for build
g++ -O3 -Wall -c -fmessage-length=0 -o Q10.o "..\\Q10.cpp" 
g++ -o Q10.exe Q10.o 
10:44:04 **** Incremental Build of configuration Debug for project Q10 ****
Info: Internal Builder is used for build
g++ -O0 -g3 -Wall -c -fmessage-length=0 -o Q10.o "..\\Q10.cpp" 
g++ -o Q10.exe Q10.o 
10:44:07 **** Incremental Build of configuration Release for project Q10 ****
Info: Internal Builder is used for build
g++ -O3 -Wall -c -fmessage-length=0 -o Q10.o "..\\Q10.cpp" 
g++ -o Q10.exe Q10.o 
Info: Nothing to build for Q10
Info: Nothing to build for Q10
Info: Nothing to build for Q10
Info: Nothing to build for Q10
Info: Nothing to build for Q10
Info: Nothing to build for Q10
Info: Nothing to build for Q10
Info: Nothing to build for Q10
10:48:08 **** Incremental Build of configuration Release for project Q10 ****
Info: Internal Builder is used for build
g++ -O3 -Wall -c -fmessage-length=0 -o Q10.o "..\\Q10.cpp" 
g++ -o Q10.exe Q10.o 
Info: Nothing to build for Q10
Info: Nothing to build for Q10
Info: Nothing to build for Q10
Info: Nothing to build for Q10
Info: Nothing to build for Q10
Info: Nothing to build for Q10
Info: Nothing to build for Q10
Info: Nothing to build for Q10
Info: Nothing to build for Q10
Info: Nothing to build for Q10
10:57:51 **** Rebuild of configuration Debug for project Q11 ****
Info: Internal Builder is used for build
g++ -O0 -g3 -Wall -c -fmessage-length=0 -o Q11.o "..\\Q11.cpp" 
g++ -o Q11.exe Q11.o 
Info: Nothing to build for Q10
10:58:49 **** Incremental Build of configuration Release for project Q11 ****
Info: Internal Builder is used for build
g++ -O3 -Wall -c -fmessage-length=0 -o Q11.o "..\\Q11.cpp" 
g++ -o Q11.exe Q11.o 
Info: Nothing to build for Q11
10:59:23 **** Incremental Build of configuration Debug for project Q11 ****
Info: Internal Builder is used for build
g++ -O0 -g3 -Wall -c -fmessage-length=0 -o Q11.o "..\\Q11.cpp" 
g++ -o Q11.exe Q11.o 
10:59:27 **** Incremental Build of configuration Release for project Q11 ****
Info: Internal Builder is used for build
g++ -O3 -Wall -c -fmessage-length=0 -o Q11.o "..\\Q11.cpp" 
g++ -o Q11.exe Q11.o 
Info: Nothing to build for Q11
Info: Nothing to build for Q11
11:19:02 **** Rebuild of configuration Debug for project Q12 ****
Info: Internal Builder is used for build
g++ -O0 -g3 -Wall -c -fmessage-length=0 -o Q12.o "..\\Q12.cpp" 
g++ -o Q12.exe Q12.o 
Info: Nothing to build for Q12
11:19:34 **** Incremental Build of configuration Debug for project Q12 ****
Info: Internal Builder is used for build
g++ -O0 -g3 -Wall -c -fmessage-length=0 -o Q12.o "..\\Q12.cpp" 
g++ -o Q12.exe Q12.o 
Info: Nothing to build for Q12
Info: Nothing to build for Q12
11:20:11 **** Incremental Build of configuration Debug for project Q12 ****
Info: Internal Builder is used for build
g++ -O0 -g3 -Wall -c -fmessage-length=0 -o Q12.o "..\\Q12.cpp" 
g++ -o Q12.exe Q12.o 
Info: Nothing to build for Q12
11:20:29 **** Incremental Build of configuration Debug for project Q12 ****
Info: Internal Builder is used for build
g++ -O0 -g3 -Wall -c -fmessage-length=0 -o Q12.o "..\\Q12.cpp" 
g++ -o Q12.exe Q12.o 
Info: Nothing to build for Q12
Info: Nothing to build for Q12
Info: Nothing to build for Q12
11:23:49 **** Incremental Build of configuration Debug for project Q12 ****
Info: Internal Builder is used for build
g++ -O0 -g3 -Wall -c -fmessage-length=0 -o Q12.o "..\\Q12.cpp" 
g++ -o Q12.exe Q12.o 
11:24:12 **** Incremental Build of configuration Release for project Q12 ****
Info: Internal Builder is used for build
g++ -O3 -Wall -c -fmessage-length=0 -o Q12.o "..\\Q12.cpp" 
g++ -o Q12.exe Q12.o 
11:53:33 **** Rebuild of configuration Debug for project h ****
Info: Internal Builder is used for build
g++ -O0 -g3 -Wall -c -fmessage-length=0 -o "src\\h.o" "..\\src\\h.cpp" 
g++ -o h.exe "src\\h.o" 
Info: Nothing to build for h
11:54:12 **** Incremental Build of configuration Debug for project h ****
Info: Internal Builder is used for build
g++ -O0 -g3 -Wall -c -fmessage-length=0 -o "src\\h.o" "..\\src\\h.cpp" 
g++ -o h.exe "src\\h.o" 
11:59:34 **** Incremental Build of configuration Debug for project h ****
Info: Internal Builder is used for build
g++ -O0 -g3 -Wall -c -fmessage-length=0 -o "src\\h.o" "..\\src\\h.cpp" 
g++ -o h.exe "src\\h.o" 
12:09:50 **** Rebuild of configuration Debug for project Q13 ****
Info: Internal Builder is used for build
g++ -O0 -g3 -Wall -c -fmessage-length=0 -o Q13.o "..\\Q13.cpp" 
g++ -o Q13.exe Q13.o 
Info: Nothing to build for Q13
12:10:34 **** Incremental Build of configuration Release for project Q13 ****
Info: Internal Builder is used for build
g++ -O3 -Wall -c -fmessage-length=0 -o Q13.o "..\\Q13.cpp" 
g++ -o Q13.exe Q13.o 
Info: Nothing to build for Q13
Info: Nothing to build for Q13
12:13:44 **** Incremental Build of configuration Release for project Q13 ****
Info: Internal Builder is used for build
g++ -O3 -Wall -c -fmessage-length=0 -o Q13.o "..\\Q13.cpp" 
g++ -o Q13.exe Q13.o 
12:15:36 **** Incremental Build of configuration Release for project Q13 ****
Info: Internal Builder is used for build
g++ -O3 -Wall -c -fmessage-length=0 -o Q13.o "..\\Q13.cpp" 
g++ -o Q13.exe Q13.o 
Info: Nothing to build for Q13
Info: Nothing to build for Q13
12:18:45 **** Incremental Build of configuration Release for project Q13 ****
Info: Internal Builder is used for build
g++ -O3 -Wall -c -fmessage-length=0 -o Q13.o "..\\Q13.cpp" 
g++ -o Q13.exe Q13.o 
12:20:07 **** Incremental Build of configuration Debug for project Q13 ****
Info: Internal Builder is used for build
g++ -O0 -g3 -Wall -c -fmessage-length=0 -o Q13.o "..\\Q13.cpp" 
g++ -o Q13.exe Q13.o 
Info: Nothing to build for Q13
Info: Nothing to build for Q13
12:22:23 **** Incremental Build of configuration Debug for project Q13 ****
Info: Internal Builder is used for build
g++ -O0 -g3 -Wall -c -fmessage-length=0 -o Q13.o "..\\Q13.cpp" 
g++ -o Q13.exe Q13.o 
12:22:27 **** Incremental Build of configuration Release for project Q13 ****
Info: Internal Builder is used for build
g++ -O3 -Wall -c -fmessage-length=0 -o Q13.o "..\\Q13.cpp" 
g++ -o Q13.exe Q13.o 
12:24:09 **** Incremental Build of configuration Debug for project Q13 ****
Info: Internal Builder is used for build
g++ -O0 -g3 -Wall -c -fmessage-length=0 -o Q13.o "..\\Q13.cpp" 
g++ -o Q13.exe Q13.o 
12:24:12 **** Incremental Build of configuration Release for project Q13 ****
Info: Internal Builder is used for build
g++ -O3 -Wall -c -fmessage-length=0 -o Q13.o "..\\Q13.cpp" 
g++ -o Q13.exe Q13.o 
12:25:15 **** Incremental Build of configuration Debug for project Q13 ****
Info: Internal Builder is used for build
g++ -O0 -g3 -Wall -c -fmessage-length=0 -o Q13.o "..\\Q13.cpp" 
g++ -o Q13.exe Q13.o 
12:25:17 **** Incremental Build of configuration Release for project Q13 ****
Info: Internal Builder is used for build
g++ -O3 -Wall -c -fmessage-length=0 -o Q13.o "..\\Q13.cpp" 
g++ -o Q13.exe Q13.o 
12:26:10 **** Incremental Build of configuration Debug for project Q13 ****
Info: Internal Builder is used for build
g++ -O0 -g3 -Wall -c -fmessage-length=0 -o Q13.o "..\\Q13.cpp" 
g++ -o Q13.exe Q13.o 
12:26:12 **** Incremental Build of configuration Release for project Q13 ****
Info: Internal Builder is used for build
g++ -O3 -Wall -c -fmessage-length=0 -o Q13.o "..\\Q13.cpp" 
g++ -o Q13.exe Q13.o 
12:27:15 **** Incremental Build of configuration Debug for project Q13 ****
Info: Internal Builder is used for build
g++ -O0 -g3 -Wall -c -fmessage-length=0 -o Q13.o "..\\Q13.cpp" 
g++ -o Q13.exe Q13.o 
12:27:17 **** Incremental Build of configuration Release for project Q13 ****
Info: Internal Builder is used for build
g++ -O3 -Wall -c -fmessage-length=0 -o Q13.o "..\\Q13.cpp" 
g++ -o Q13.exe Q13.o 
12:27:56 **** Incremental Build of configuration Debug for project Q13 ****
Info: Internal Builder is used for build
g++ -O0 -g3 -Wall -c -fmessage-length=0 -o Q13.o "..\\Q13.cpp" 
g++ -o Q13.exe Q13.o 
12:27:58 **** Incremental Build of configuration Release for project Q13 ****
Info: Internal Builder is used for build
g++ -O3 -Wall -c -fmessage-length=0 -o Q13.o "..\\Q13.cpp" 
g++ -o Q13.exe Q13.o 
Info: Nothing to build for Q13
12:29:35 **** Incremental Build of configuration Release for project Q13 ****
Info: Internal Builder is used for build
g++ -O3 -Wall -c -fmessage-length=0 -o Q13.o "..\\Q13.cpp" 
g++ -o Q13.exe Q13.o 
Info: Nothing to build for Q13
07:34:17 **** Rebuild of configuration Debug for project Q6 ****
Info: Internal Builder is used for build
g++ -O0 -g3 -Wall -c -fmessage-length=0 -o Q6.o "..\\Q6.cpp" 
..\Q6.cpp: In function 'double sin(double)':
..\Q6.cpp:24:42: error: invalid cast from type '__complex__ int' to type 'double'
 single=pow(-1,i-1)*pow((double)x,(double)2i-1)/jieCheng(2*i-1);
                                          ^
07:34:52 **** Incremental Build of configuration Debug for project Q6 ****
Info: Internal Builder is used for build
g++ -O0 -g3 -Wall -c -fmessage-length=0 -o Q6.o "..\\Q6.cpp" 
g++ -o Q6.exe Q6.o 
Info: Nothing to build for Q6
07:36:34 **** Incremental Build of configuration Debug for project Q6 ****
Info: Internal Builder is used for build
g++ -O0 -g3 -Wall -c -fmessage-length=0 -o Q6.o "..\\Q6.cpp" 
g++ -o Q6.exe Q6.o 
Info: Nothing to build for Q6
07:38:57 **** Incremental Build of configuration Debug for project Q6 ****
Info: Internal Builder is used for build
g++ -O0 -g3 -Wall -c -fmessage-length=0 -o Q6.o "..\\Q6.cpp" 
..\Q6.cpp: In function 'int main()':
..\Q6.cpp:16:49: error: expected ';' before 'sin'
   cout<<setiosflags(ios::fixed)<<setprecision(4)sin(r*s/2);
                                                 ^
07:39:11 **** Incremental Build of configuration Debug for project Q6 ****
Info: Internal Builder is used for build
g++ -O0 -g3 -Wall -c -fmessage-length=0 -o Q6.o "..\\Q6.cpp" 
..\Q6.cpp: In function 'int main()':
..\Q6.cpp:16:49: error: expected ';' before 'sin'
   cout<<setiosflags(ios::fixed)<<setprecision(4)sin(r*s/2);
                                                 ^
07:39:16 **** Incremental Build of configuration Debug for project Q6 ****
Info: Internal Builder is used for build
g++ -O0 -g3 -Wall -c -fmessage-length=0 -o Q6.o "..\\Q6.cpp" 
g++ -o Q6.exe Q6.o 
Info: Nothing to build for Q6
07:39:37 **** Incremental Build of configuration Debug for project Q6 ****
Info: Internal Builder is used for build
g++ -O0 -g3 -Wall -c -fmessage-length=0 -o Q6.o "..\\Q6.cpp" 
g++ -o Q6.exe Q6.o 
Info: Nothing to build for Q6
07:41:15 **** Incremental Build of configuration Debug for project Q6 ****
Info: Internal Builder is used for build
g++ -O0 -g3 -Wall -c -fmessage-length=0 -o Q6.o "..\\Q6.cpp" 
g++ -o Q6.exe Q6.o 
Info: Nothing to build for Q6
07:42:03 **** Incremental Build of configuration Debug for project Q6 ****
Info: Internal Builder is used for build
g++ -O0 -g3 -Wall -c -fmessage-length=0 -o Q6.o "..\\Q6.cpp" 
g++ -o Q6.exe Q6.o 
Info: Nothing to build for Q6
07:42:45 **** Incremental Build of configuration Debug for project Q6 ****
Info: Internal Builder is used for build
g++ -O0 -g3 -Wall -c -fmessage-length=0 -o Q6.o "..\\Q6.cpp" 
g++ -o Q6.exe Q6.o 
Info: Nothing to build for Q6
Info: Nothing to build for Q6
07:43:36 **** Incremental Build of configuration Debug for project Q6 ****
Info: Internal Builder is used for build
g++ -O0 -g3 -Wall -c -fmessage-length=0 -o Q6.o "..\\Q6.cpp" 
g++ -o Q6.exe Q6.o 
Info: Nothing to build for Q6
07:44:07 **** Incremental Build of configuration Debug for project Q6 ****
Info: Internal Builder is used for build
g++ -O0 -g3 -Wall -c -fmessage-length=0 -o Q6.o "..\\Q6.cpp" 
g++ -o Q6.exe Q6.o 
Info: Nothing to build for Q6
07:45:35 **** Incremental Build of configuration Debug for project Q6 ****
Info: Internal Builder is used for build
g++ -O0 -g3 -Wall -c -fmessage-length=0 -o Q6.o "..\\Q6.cpp" 
..\Q6.cpp: In function 'int main()':
..\Q6.cpp:15:19: error: call of overloaded 'sin(int&)' is ambiguous
   cout<<sqrt(sin(r)*sin(r)+sin(s)*sin(s));
                   ^
In file included from ..\Q6.cpp:2:0:
c:\mingw\include\math.h:160:24: note: candidate: double sin(double)
 _CRTIMP double __cdecl sin (double);
                        ^
..\Q6.cpp:6:7: note: candidate: float sin(float)
 float sin(float x);
       ^
..\Q6.cpp:15:26: error: call of overloaded 'sin(int&)' is ambiguous
   cout<<sqrt(sin(r)*sin(r)+sin(s)*sin(s));
                          ^
In file included from ..\Q6.cpp:2:0:
c:\mingw\include\math.h:160:24: note: candidate: double sin(double)
 _CRTIMP double __cdecl sin (double);
                        ^
..\Q6.cpp:6:7: note: candidate: float sin(float)
 float sin(float x);
       ^
..\Q6.cpp:15:33: error: call of overloaded 'sin(int&)' is ambiguous
   cout<<sqrt(sin(r)*sin(r)+sin(s)*sin(s));
                                 ^
In file included from ..\Q6.cpp:2:0:
c:\mingw\include\math.h:160:24: note: candidate: double sin(double)
 _CRTIMP double __cdecl sin (double);
                        ^
..\Q6.cpp:6:7: note: candidate: float sin(float)
 float sin(float x);
       ^
..\Q6.cpp:15:40: error: call of overloaded 'sin(int&)' is ambiguous
   cout<<sqrt(sin(r)*sin(r)+sin(s)*sin(s));
                                        ^
In file included from ..\Q6.cpp:2:0:
c:\mingw\include\math.h:160:24: note: candidate: double sin(double)
 _CRTIMP double __cdecl sin (double);
                        ^
..\Q6.cpp:6:7: note: candidate: float sin(float)
 float sin(float x);
       ^
..\Q6.cpp:19:18: error: call of overloaded 'sin(int)' is ambiguous
   cout<<sin(r*s/2);
                  ^
In file included from ..\Q6.cpp:2:0:
c:\mingw\include\math.h:160:24: note: candidate: double sin(double)
 _CRTIMP double __cdecl sin (double);
                        ^
..\Q6.cpp:6:7: note: candidate: float sin(float)
 float sin(float x);
       ^
07:45:37 **** Incremental Build of configuration Debug for project Q6 ****
Info: Internal Builder is used for build
g++ -O0 -g3 -Wall -c -fmessage-length=0 -o Q6.o "..\\Q6.cpp" 
..\Q6.cpp: In function 'int main()':
..\Q6.cpp:15:19: error: call of overloaded 'sin(int&)' is ambiguous
   cout<<sqrt(sin(r)*sin(r)+sin(s)*sin(s));
                   ^
In file included from ..\Q6.cpp:2:0:
c:\mingw\include\math.h:160:24: note: candidate: double sin(double)
 _CRTIMP double __cdecl sin (double);
                        ^
..\Q6.cpp:6:7: note: candidate: float sin(float)
 float sin(float x);
       ^
..\Q6.cpp:15:26: error: call of overloaded 'sin(int&)' is ambiguous
   cout<<sqrt(sin(r)*sin(r)+sin(s)*sin(s));
                          ^
In file included from ..\Q6.cpp:2:0:
c:\mingw\include\math.h:160:24: note: candidate: double sin(double)
 _CRTIMP double __cdecl sin (double);
                        ^
..\Q6.cpp:6:7: note: candidate: float sin(float)
 float sin(float x);
       ^
..\Q6.cpp:15:33: error: call of overloaded 'sin(int&)' is ambiguous
   cout<<sqrt(sin(r)*sin(r)+sin(s)*sin(s));
                                 ^
In file included from ..\Q6.cpp:2:0:
c:\mingw\include\math.h:160:24: note: candidate: double sin(double)
 _CRTIMP double __cdecl sin (double);
                        ^
..\Q6.cpp:6:7: note: candidate: float sin(float)
 float sin(float x);
       ^
..\Q6.cpp:15:40: error: call of overloaded 'sin(int&)' is ambiguous
   cout<<sqrt(sin(r)*sin(r)+sin(s)*sin(s));
                                        ^
In file included from ..\Q6.cpp:2:0:
c:\mingw\include\math.h:160:24: note: candidate: double sin(double)
 _CRTIMP double __cdecl sin (double);
                        ^
..\Q6.cpp:6:7: note: candidate: float sin(float)
 float sin(float x);
       ^
..\Q6.cpp:19:18: error: call of overloaded 'sin(int)' is ambiguous
   cout<<sin(r*s/2);
                  ^
In file included from ..\Q6.cpp:2:0:
c:\mingw\include\math.h:160:24: note: candidate: double sin(double)
 _CRTIMP double __cdecl sin (double);
                        ^
..\Q6.cpp:6:7: note: candidate: float sin(float)
 float sin(float x);
       ^
07:49:06 **** Incremental Build of configuration Debug for project Q6 ****
Info: Internal Builder is used for build
g++ -O0 -g3 -Wall -c -fmessage-length=0 -o Q6.o "..\\Q6.cpp" 
g++ -o Q6.exe Q6.o 
Info: Nothing to build for Q6
07:49:44 **** Incremental Build of configuration Debug for project Q6 ****
Info: Internal Builder is used for build
g++ -O0 -g3 -Wall -c -fmessage-length=0 -o Q6.o "..\\Q6.cpp" 
g++ -o Q6.exe Q6.o 
07:50:13 **** Incremental Build of configuration Release for project Q6 ****
Info: Internal Builder is used for build
g++ -O3 -Wall -c -fmessage-length=0 -o Q6.o "..\\Q6.cpp" 
g++ -o Q6.exe Q6.o 
07:56:14 **** Rebuild of configuration Debug for project Q7 ****
Info: Internal Builder is used for build
g++ -O0 -g3 -Wall -c -fmessage-length=0 -o Q7.o "..\\Q7.cpp" 
g++ -o Q7.exe Q7.o 
Info: Nothing to build for Q7
07:56:43 **** Incremental Build of configuration Release for project Q7 ****
Info: Internal Builder is used for build
g++ -O3 -Wall -c -fmessage-length=0 -o Q7.o "..\\Q7.cpp" 
g++ -o Q7.exe Q7.o 
08:01:52 **** Rebuild of configuration Debug for project Q8 ****
Info: Internal Builder is used for build
g++ -O0 -g3 -Wall -c -fmessage-length=0 -o Q8.o "..\\Q8.cpp" 
..\Q8.cpp: In function 'int main()':
..\Q8.cpp:6:20: error: invalid use of member (did you forget the '&' ?)
  for(int i=0;i<str.length;i++){
                    ^
08:02:56 **** Incremental Build of configuration Debug for project Q8 ****
Info: Internal Builder is used for build
g++ -O0 -g3 -Wall -c -fmessage-length=0 -o Q8.o "..\\Q8.cpp" 
..\Q8.cpp: In function 'int main()':
..\Q8.cpp:6:15: warning: comparison between signed and unsigned integer expressions [-Wsign-compare]
  for(int i=0;i<str.length();i++){
               ^
g++ -o Q8.exe Q8.o 
08:03:50 **** Incremental Build of configuration Debug for project Q8 ****
Info: Internal Builder is used for build
g++ -O0 -g3 -Wall -c -fmessage-length=0 -o Q8.o "..\\Q8.cpp" 
..\Q8.cpp: In function 'int main()':
..\Q8.cpp:6:15: warning: comparison between signed and unsigned integer expressions [-Wsign-compare]
  for(int i=0;i<str.size();i++){
               ^
g++ -o Q8.exe Q8.o 
Info: Nothing to build for Q8
08:05:29 **** Incremental Build of configuration Debug for project Q8 ****
Info: Internal Builder is used for build
g++ -O0 -g3 -Wall -c -fmessage-length=0 -o Q8.o "..\\Q8.cpp" 
..\Q8.cpp: In function 'int main()':
..\Q8.cpp:6:15: warning: comparison between signed and unsigned integer expressions [-Wsign-compare]
  for(int i=0;i<str.size()-1;i++){
               ^
g++ -o Q8.exe Q8.o 
Info: Nothing to build for Q8
08:05:44 **** Incremental Build of configuration Release for project Q8 ****
Info: Internal Builder is used for build
g++ -O3 -Wall -c -fmessage-length=0 -o Q8.o "..\\Q8.cpp" 
..\Q8.cpp: In function 'int main()':
..\Q8.cpp:6:15: warning: comparison between signed and unsigned integer expressions [-Wsign-compare]
  for(int i=0;i<str.size()-1;i++){
               ^
g++ -o Q8.exe Q8.o 
08:15:35 **** Rebuild of configuration Debug for project Q9 ****
Info: Internal Builder is used for build
g++ -O0 -g3 -Wall -c -fmessage-length=0 -o Q9.o "..\\Q9.cpp" 
..\Q9.cpp: In function 'int main()':
..\Q9.cpp:9:7: warning: variable 'temp' set but not used [-Wunused-but-set-variable]
   int temp;
       ^
g++ -o Q9.exe Q9.o 
Info: Nothing to build for Q9
08:17:44 **** Incremental Build of configuration Debug for project Q9 ****
Info: Internal Builder is used for build
g++ -O0 -g3 -Wall -c -fmessage-length=0 -o Q9.o "..\\Q9.cpp" 
g++ -o Q9.exe Q9.o 
Info: Nothing to build for Q9
08:18:20 **** Incremental Build of configuration Debug for project Q9 ****
Info: Internal Builder is used for build
g++ -O0 -g3 -Wall -c -fmessage-length=0 -o Q9.o "..\\Q9.cpp" 
g++ -o Q9.exe Q9.o 
Info: Nothing to build for Q9
08:18:46 **** Incremental Build of configuration Debug for project Q9 ****
Info: Internal Builder is used for build
g++ -O0 -g3 -Wall -c -fmessage-length=0 -o Q9.o "..\\Q9.cpp" 
g++ -o Q9.exe Q9.o 
Info: Nothing to build for Q9
08:18:55 **** Incremental Build of configuration Release for project Q9 ****
Info: Internal Builder is used for build
g++ -O3 -Wall -c -fmessage-length=0 -o Q9.o "..\\Q9.cpp" 
g++ -o Q9.exe Q9.o 
12:36:43 **** Incremental Build of configuration Debug for project Q10 ****
Info: Internal Builder is used for build
g++ -O0 -g3 -Wall -c -fmessage-length=0 -o Q10.o "..\\Q10.cpp" 
g++ -o Q10.exe Q10.o 
Info: Nothing to build for Q10
Info: Nothing to build for Q9
Info: Nothing to build for Q9
Info: Nothing to build for Q9
Info: Nothing to build for Q9
Info: Nothing to build for Q9
Info: Nothing to build for Q9
18:51:58 **** Incremental Build of configuration Debug for project Q9 ****
Info: Internal Builder is used for build
g++ -O0 -g3 -Wall -c -fmessage-length=0 -o Q9.o "..\\Q9.cpp" 
g++ -o Q9.exe Q9.o 
c:/mingw/bin/../lib/gcc/mingw32/5.3.0/../../../../mingw32/bin/ld.exe: cannot open output file Q9.exe: Permission denied
collect2.exe: error: ld returned 1 exit status
18:52:12 **** Incremental Build of configuration Release for project Q9 ****
Info: Internal Builder is used for build
g++ -O3 -Wall -c -fmessage-length=0 -o Q9.o "..\\Q9.cpp" 
g++ -o Q9.exe Q9.o 
Info: Nothing to build for Q9
16:50:58 **** Rebuild of configuration Debug for project Q3 ****
Info: Internal Builder is used for build
g++ -O0 -g3 -Wall -c -fmessage-length=0 -o Q3.o "..\\Q3.cpp" 
..\Q3.cpp: In function 'int main()':
..\Q3.cpp:4:6: error: no match for 'operator>>' (operand types are 'std::ostream {aka std::basic_ostream<char>}' and 'const char [3]')
  cout>>"ok";
      ^
In file included from c:\mingw\lib\gcc\mingw32\5.3.0\include\c++\string:53:0,
                 from c:\mingw\lib\gcc\mingw32\5.3.0\include\c++\bits\locale_classes.h:40,
                 from c:\mingw\lib\gcc\mingw32\5.3.0\include\c++\bits\ios_base.h:41,
                 from c:\mingw\lib\gcc\mingw32\5.3.0\include\c++\ios:42,
                 from c:\mingw\lib\gcc\mingw32\5.3.0\include\c++\ostream:38,
                 from c:\mingw\lib\gcc\mingw32\5.3.0\include\c++\iostream:39,
                 from ..\Q3.cpp:1:
c:\mingw\lib\gcc\mingw32\5.3.0\include\c++\bits\basic_string.tcc:1441:5: note: candidate: template<class _CharT, class _Traits, class _Alloc> std::basic_istream<_CharT, _Traits>& std::operator>>(std::basic_istream<_CharT, _Traits>&, std::__cxx11::basic_string<_CharT, _Traits, _Alloc>&)
     operator>>(basic_istream<_CharT, _Traits>& __in,
     ^
c:\mingw\lib\gcc\mingw32\5.3.0\include\c++\bits\basic_string.tcc:1441:5: note:   template argument deduction/substitution failed:
..\Q3.cpp:4:8: note:   'std::ostream {aka std::basic_ostream<char>}' is not derived from 'std::basic_istream<_CharT, _Traits>'
  cout>>"ok";
        ^
In file included from c:\mingw\lib\gcc\mingw32\5.3.0\include\c++\istream:934:0,
                 from c:\mingw\lib\gcc\mingw32\5.3.0\include\c++\iostream:40,
                 from ..\Q3.cpp:1:
c:\mingw\lib\gcc\mingw32\5.3.0\include\c++\bits\istream.tcc:955:5: note: candidate: template<class _CharT2, class _Traits2> std::basic_istream<_CharT, _Traits>& std::operator>>(std::basic_istream<_CharT, _Traits>&, _CharT2*)
     operator>>(basic_istream<_CharT, _Traits>& __in, _CharT* __s)
     ^
c:\mingw\lib\gcc\mingw32\5.3.0\include\c++\bits\istream.tcc:955:5: note:   template argument deduction/substitution failed:
..\Q3.cpp:4:8: note:   'std::ostream {aka std::basic_ostream<char>}' is not derived from 'std::basic_istream<_CharT, _Traits>'
  cout>>"ok";
        ^
In file included from c:\mingw\lib\gcc\mingw32\5.3.0\include\c++\istream:934:0,
                 from c:\mingw\lib\gcc\mingw32\5.3.0\include\c++\iostream:40,
                 from ..\Q3.cpp:1:
c:\mingw\lib\gcc\mingw32\5.3.0\include\c++\bits\istream.tcc:923:5: note: candidate: template<class _CharT, class _Traits> std::basic_istream<_CharT, _Traits>& std::operator>>(std::basic_istream<_CharT, _Traits>&, _CharT&)
     operator>>(basic_istream<_CharT, _Traits>& __in, _CharT& __c)
     ^
c:\mingw\lib\gcc\mingw32\5.3.0\include\c++\bits\istream.tcc:923:5: note:   template argument deduction/substitution failed:
..\Q3.cpp:4:8: note:   'std::ostream {aka std::basic_ostream<char>}' is not derived from 'std::basic_istream<_CharT, _Traits>'
  cout>>"ok";
        ^
In file included from c:\mingw\lib\gcc\mingw32\5.3.0\include\c++\iostream:40:0,
                 from ..\Q3.cpp:1:
c:\mingw\lib\gcc\mingw32\5.3.0\include\c++\istream:756:5: note: candidate: template<class _Traits> std::basic_istream<char, _Traits>& std::operator>>(std::basic_istream<char, _Traits>&, unsigned char&)
     operator>>(basic_istream<char, _Traits>& __in, unsigned char& __c)
     ^
c:\mingw\lib\gcc\mingw32\5.3.0\include\c++\istream:756:5: note:   template argument deduction/substitution failed:
..\Q3.cpp:4:8: note:   'std::ostream {aka std::basic_ostream<char>}' is not derived from 'std::basic_istream<char, _Traits>'
  cout>>"ok";
        ^
In file included from c:\mingw\lib\gcc\mingw32\5.3.0\include\c++\iostream:40:0,
                 from ..\Q3.cpp:1:
c:\mingw\lib\gcc\mingw32\5.3.0\include\c++\istream:761:5: note: candidate: template<class _Traits> std::basic_istream<char, _Traits>& std::operator>>(std::basic_istream<char, _Traits>&, signed char&)
     operator>>(basic_istream<char, _Traits>& __in, signed char& __c)
     ^
c:\mingw\lib\gcc\mingw32\5.3.0\include\c++\istream:761:5: note:   template argument deduction/substitution failed:
..\Q3.cpp:4:8: note:   'std::ostream {aka std::basic_ostream<char>}' is not derived from 'std::basic_istream<char, _Traits>'
  cout>>"ok";
        ^
In file included from c:\mingw\lib\gcc\mingw32\5.3.0\include\c++\iostream:40:0,
                 from ..\Q3.cpp:1:
c:\mingw\lib\gcc\mingw32\5.3.0\include\c++\istream:803:5: note: candidate: template<class _Traits> std::basic_istream<char, _Traits>& std::operator>>(std::basic_istream<char, _Traits>&, unsigned char*)
     operator>>(basic_istream<char, _Traits>& __in, unsigned char* __s)
     ^
c:\mingw\lib\gcc\mingw32\5.3.0\include\c++\istream:803:5: note:   template argument deduction/substitution failed:
..\Q3.cpp:4:8: note:   'std::ostream {aka std::basic_ostream<char>}' is not derived from 'std::basic_istream<char, _Traits>'
  cout>>"ok";
        ^
In file included from c:\mingw\lib\gcc\mingw32\5.3.0\include\c++\iostream:40:0,
                 from ..\Q3.cpp:1:
c:\mingw\lib\gcc\mingw32\5.3.0\include\c++\istream:808:5: note: candidate: template<class _Traits> std::basic_istream<char, _Traits>& std::operator>>(std::basic_istream<char, _Traits>&, signed char*)
     operator>>(basic_istream<char, _Traits>& __in, signed char* __s)
     ^
c:\mingw\lib\gcc\mingw32\5.3.0\include\c++\istream:808:5: note:   template argument deduction/substitution failed:
..\Q3.cpp:4:8: note:   'std::ostream {aka std::basic_ostream<char>}' is not derived from 'std::basic_istream<char, _Traits>'
  cout>>"ok";
        ^
16:52:11 **** Incremental Build of configuration Debug for project Q3 ****
Info: Internal Builder is used for build
g++ -O0 -g3 -Wall -c -fmessage-length=0 -o Q3.o "..\\Q3.cpp" 
g++ -o Q3.exe Q3.o 
16:52:13 **** Rebuild of configuration Debug for project h ****
Info: Internal Builder is used for build
g++ -O0 -g3 -Wall -c -fmessage-length=0 -o "src\\h.o" "..\\src\\h.cpp" 
g++ -o h.exe "src\\h.o" 
Info: Nothing to build for Q3
Info: Nothing to build for Q3
Info: Nothing to build for h
10:26:35 **** Incremental Build of configuration Debug for project h ****
Info: Internal Builder is used for build
g++ -O0 -g3 -Wall -c -fmessage-length=0 -o "src\\h.o" "..\\src\\h.cpp" 
..\src\h.cpp: In function 'int main()':
..\src\h.cpp:14:2: error: expected ',' or ';' before 'char'
  char s[]=str;
  ^
..\src\h.cpp:16:10: error: 's' was not declared in this scope
  cout << s;
          ^
10:27:04 **** Incremental Build of configuration Debug for project h ****
Info: Internal Builder is used for build
g++ -O0 -g3 -Wall -c -fmessage-length=0 -o "src\\h.o" "..\\src\\h.cpp" 
..\src\h.cpp: In function 'int main()':
..\src\h.cpp:14:11: error: initializer fails to determine size of 's'
  char s[]=str;
           ^
..\src\h.cpp:14:11: error: array must be initialized with a brace-enclosed initializer
Info: Nothing to build for Q3
10:27:09 **** Incremental Build of configuration Debug for project h ****
Info: Internal Builder is used for build
g++ -O0 -g3 -Wall -c -fmessage-length=0 -o "src\\h.o" "..\\src\\h.cpp" 
..\src\h.cpp: In function 'int main()':
..\src\h.cpp:14:11: error: initializer fails to determine size of 's'
  char s[]=str;
           ^
..\src\h.cpp:14:11: error: array must be initialized with a brace-enclosed initializer
Info: Nothing to build for Q3
10:27:34 **** Incremental Build of configuration Debug for project h ****
Info: Internal Builder is used for build
g++ -O0 -g3 -Wall -c -fmessage-length=0 -o "src\\h.o" "..\\src\\h.cpp" 
g++ -o h.exe "src\\h.o" 
Info: Nothing to build for h
Info: Nothing to build for Q3
13:11:15 **** Rebuild of configuration Debug for project cpu ****
Info: Internal Builder is used for build
gcc -O0 -g3 -Wall -c -fmessage-length=0 -o "src\\cpuinfo.o" "..\\src\\cpuinfo.c" 
In file included from ..\src\cpuinfo.c:1:0:
..\src\cpuinfo.h:14:1: error: stray '\302' in program
  
 ^
..\src\cpuinfo.h:14:1: error: stray '\240' in program
..\src\cpuinfo.h:15:23: warning: ISO C99 requires whitespace after the macro name
 #define CPU_HAS_RDRAND           0x40000000
                       ^
..\src\cpuinfo.h:16:21: warning: ISO C99 requires whitespace after the macro name
 #define CPU_HAS_F16C             0x20000000
                     ^
..\src\cpuinfo.h:17:20: warning: ISO C99 requires whitespace after the macro name
 #define CPU_HAS_AVX              0x10000000
                    ^
..\src\cpuinfo.h:18:24: warning: ISO C99 requires whitespace after the macro name
 #define CPU_HAS_OSXSAVE          0x08000000
                        ^
..\src\cpuinfo.h:19:22: warning: ISO C99 requires whitespace after the macro name
 #define CPU_HAS_XSAVE            0x04000000
                      ^
..\src\cpuinfo.h:20:20: warning: ISO C99 requires whitespace after the macro name
 #define CPU_HAS_AES              0x02000000
                    ^
..\src\cpuinfo.h:21:29: warning: ISO C99 requires whitespace after the macro name
 #define CPU_HAS_TSC_DEADLINE     0x01000000
                             ^
..\src\cpuinfo.h:22:23: warning: ISO C99 requires whitespace after the macro name
 #define CPU_HAS_POPCNT           0x00800000
                       ^
..\src\cpuinfo.h:23:22: warning: ISO C99 requires whitespace after the macro name
 #define CPU_HAS_MOVBE            0x00400000
                      ^
..\src\cpuinfo.h:24:23: warning: ISO C99 requires whitespace after the macro name
 #define CPU_HAS_x2APIC           0x00200000
                       ^
..\src\cpuinfo.h:25:23: warning: ISO C99 requires whitespace after the macro name
 #define CPU_HAS_SSE4_2           0x00100000
                       ^
..\src\cpuinfo.h:26:23: warning: ISO C99 requires whitespace after the macro name
 #define CPU_HAS_SSE4_1           0x00080000
                       ^
..\src\cpuinfo.h:27:20: warning: ISO C99 requires whitespace after the macro name
 #define CPU_HAS_DCA              0x00040000
                    ^
..\src\cpuinfo.h:28:21: warning: ISO C99 requires whitespace after the macro name
 #define CPU_HAS_PCID             0x00020000
                     ^
..\src\cpuinfo.h:29:21: warning: ISO C99 requires whitespace after the macro name
 #define CPU_HAS_PDCM             0x00008000
                     ^
..\src\cpuinfo.h:30:21: warning: ISO C99 requires whitespace after the macro name
 #define CPU_HAS_xTPR             0x00004000
                     ^
..\src\cpuinfo.h:31:24: warning: ISO C99 requires whitespace after the macro name
 #define CPU_HAS_CMPXCHG          0x00002000
                        ^
..\src\cpuinfo.h:32:20: warning: ISO C99 requires whitespace after the macro name
 #define CPU_HAS_FMA              0x00001000
                    ^
..\src\cpuinfo.h:33:21: warning: ISO C99 requires whitespace after the macro name
 #define CPU_HAS_SDBG             0x00000800
                     ^
..\src\cpuinfo.h:34:24: warning: ISO C99 requires whitespace after the macro name
 #define CPU_HAS_CNXT_ID          0x00000400
                        ^
..\src\cpuinfo.h:35:22: warning: ISO C99 requires whitespace after the macro name
 #define CPU_HAS_SSSE3            0x00000200
                      ^
..\src\cpuinfo.h:36:20: warning: ISO C99 requires whitespace after the macro name
 #define CPU_HAS_TM2              0x00000100
                    ^
..\src\cpuinfo.h:37:21: warning: ISO C99 requires whitespace after the macro name
 #define CPU_HAS_EIST             0x00000080
                     ^
..\src\cpuinfo.h:38:20: warning: ISO C99 requires whitespace after the macro name
 #define CPU_HAS_SMX              0x00000040
                    ^
..\src\cpuinfo.h:39:20: warning: ISO C99 requires whitespace after the macro name
 #define CPU_HAS_VMX              0x00000020
                    ^
..\src\cpuinfo.h:40:23: warning: ISO C99 requires whitespace after the macro name
 #define CPU_HAS_DS_CPL           0x00000010
                       ^
..\src\cpuinfo.h:41:24: warning: ISO C99 requires whitespace after the macro name
 #define CPU_HAS_MONITOR          0x00000008
                        ^
..\src\cpuinfo.h:42:23: warning: ISO C99 requires whitespace after the macro name
 #define CPU_HAS_DTES64           0x00000004
                       ^
..\src\cpuinfo.h:43:26: warning: ISO C99 requires whitespace after the macro name
 #define CPU_HAS_PCLMULQDQ        0x00000002
                          ^
..\src\cpuinfo.h:44:21: warning: ISO C99 requires whitespace after the macro name
 #define CPU_HAS_SSE3             0x00000001
                     ^
..\src\cpuinfo.h:45:1: error: stray '\302' in program
  
 ^
..\src\cpuinfo.h:45:1: error: stray '\240' in program
..\src\cpuinfo.h:46:20: warning: ISO C99 requires whitespace after the macro name
 #define CPU_HAS_PBE              0x80000000
                    ^
..\src\cpuinfo.h:47:19: warning: ISO C99 requires whitespace after the macro name
 #define CPU_HAS_TM               0x20000000
                   ^
..\src\cpuinfo.h:48:20: warning: ISO C99 requires whitespace after the macro name
 #define CPU_HAS_HTT              0x10000000
                    ^
..\src\cpuinfo.h:49:19: warning: ISO C99 requires whitespace after the macro name
 #define CPU_HAS_SS               0x08000000
                   ^
..\src\cpuinfo.h:50:21: warning: ISO C99 requires whitespace after the macro name
 #define CPU_HAS_SSE2             0x04000000
                     ^
..\src\cpuinfo.h:51:20: warning: ISO C99 requires whitespace after the macro name
 #define CPU_HAS_SSE              0x02000000
                    ^
..\src\cpuinfo.h:52:21: warning: ISO C99 requires whitespace after the macro name
 #define CPU_HAS_FXSR             0x01000000
                     ^
..\src\cpuinfo.h:53:20: warning: ISO C99 requires whitespace after the macro name
 #define CPU_HAS_MMX              0x00800000
                    ^
..\src\cpuinfo.h:54:21: warning: ISO C99 requires whitespace after the macro name
 #define CPU_HAS_ACPI             0x00400000
                     ^
..\src\cpuinfo.h:55:19: warning: ISO C99 requires whitespace after the macro name
 #define CPU_HAS_DS               0x00200000
                   ^
..\src\cpuinfo.h:56:22: warning: ISO C99 requires whitespace after the macro name
 #define CPU_HAS_CLFSH            0x00080000
                      ^
..\src\cpuinfo.h:57:20: warning: ISO C99 requires whitespace after the macro name
 #define CPU_HAS_PSN              0x00040000
                    ^
..\src\cpuinfo.h:58:22: warning: ISO C99 requires whitespace after the macro name
 #define CPU_HAS_PSE36            0x00020000
                      ^
..\src\cpuinfo.h:59:20: warning: ISO C99 requires whitespace after the macro name
 #define CPU_HAS_PAT              0x00010000
                    ^
..\src\cpuinfo.h:60:21: warning: ISO C99 requires whitespace after the macro name
 #define CPU_HAS_CMOV             0x00008000
                     ^
..\src\cpuinfo.h:61:20: warning: ISO C99 requires whitespace after the macro name
 #define CPU_HAS_MCA              0x00004000
                    ^
..\src\cpuinfo.h:62:20: warning: ISO C99 requires whitespace after the macro name
 #define CPU_HAS_PGE              0x00002000
                    ^
..\src\cpuinfo.h:63:21: warning: ISO C99 requires whitespace after the macro name
 #define CPU_HAS_MTRR             0x00001000
                     ^
..\src\cpuinfo.h:64:20: warning: ISO C99 requires whitespace after the macro name
 #define CPU_HAS_SEP              0x00000800
                    ^
..\src\cpuinfo.h:65:21: warning: ISO C99 requires whitespace after the macro name
 #define CPU_HAS_APIC             0x00000200
                     ^
..\src\cpuinfo.h:66:20: warning: ISO C99 requires whitespace after the macro name
 #define CPU_HAS_CX8              0x00000100
                    ^
..\src\cpuinfo.h:67:20: warning: ISO C99 requires whitespace after the macro name
 #define CPU_HAS_MCE              0x00000080
                    ^
..\src\cpuinfo.h:68:20: warning: ISO C99 requires whitespace after the macro name
 #define CPU_HAS_PAE              0x00000040
                    ^
..\src\cpuinfo.h:69:20: warning: ISO C99 requires whitespace after the macro name
 #define CPU_HAS_MSR              0x00000020
                    ^
..\src\cpuinfo.h:70:20: warning: ISO C99 requires whitespace after the macro name
 #define CPU_HAS_TSC              0x00000010
                    ^
..\src\cpuinfo.h:71:20: warning: ISO C99 requires whitespace after the macro name
 #define CPU_HAS_PSE              0x00000008
                    ^
..\src\cpuinfo.h:72:19: warning: ISO C99 requires whitespace after the macro name
 #define CPU_HAS_DE               0x00000004
                   ^
..\src\cpuinfo.h:73:20: warning: ISO C99 requires whitespace after the macro name
 #define CPU_HAS_VME              0x00000002
                    ^
..\src\cpuinfo.h:74:20: warning: ISO C99 requires whitespace after the macro name
 #define CPU_HAS_FPU              0x00000001
                    ^
..\src\cpuinfo.h:75:1: error: stray '\302' in program
  
 ^
..\src\cpuinfo.h:75:1: error: stray '\240' in program
..\src\cpuinfo.h:77:1: error: stray '\302' in program
     unsigned int eax;
 ^
..\src\cpuinfo.h:77:1: error: stray '\240' in program
..\src\cpuinfo.h:77:1: error: stray '\302' in program
..\src\cpuinfo.h:77:1: error: stray '\240' in program
..\src\cpuinfo.h:77:1: error: stray '\302' in program
..\src\cpuinfo.h:77:1: error: stray '\240' in program
..\src\cpuinfo.h:77:1: error: stray '\302' in program
..\src\cpuinfo.h:77:1: error: stray '\240' in program
..\src\cpuinfo.h:78:1: error: stray '\302' in program
     unsigned int ebx;
 ^
..\src\cpuinfo.h:78:1: error: stray '\240' in program
..\src\cpuinfo.h:78:1: error: stray '\302' in program
..\src\cpuinfo.h:78:1: error: stray '\240' in program
..\src\cpuinfo.h:78:1: error: stray '\302' in program
..\src\cpuinfo.h:78:1: error: stray '\240' in program
..\src\cpuinfo.h:78:1: error: stray '\302' in program
..\src\cpuinfo.h:78:1: error: stray '\240' in program
..\src\cpuinfo.h:79:1: error: stray '\302' in program
     unsigned int ecx;
 ^
..\src\cpuinfo.h:79:1: error: stray '\240' in program
..\src\cpuinfo.h:79:1: error: stray '\302' in program
..\src\cpuinfo.h:79:1: error: stray '\240' in program
..\src\cpuinfo.h:79:1: error: stray '\302' in program
..\src\cpuinfo.h:79:1: error: stray '\240' in program
..\src\cpuinfo.h:79:1: error: stray '\302' in program
..\src\cpuinfo.h:79:1: error: stray '\240' in program
..\src\cpuinfo.h:80:1: error: stray '\302' in program
     unsigned int edx;
 ^
..\src\cpuinfo.h:80:1: error: stray '\240' in program
..\src\cpuinfo.h:80:1: error: stray '\302' in program
..\src\cpuinfo.h:80:1: error: stray '\240' in program
..\src\cpuinfo.h:80:1: error: stray '\302' in program
..\src\cpuinfo.h:80:1: error: stray '\240' in program
..\src\cpuinfo.h:80:1: error: stray '\302' in program
..\src\cpuinfo.h:80:1: error: stray '\240' in program
..\src\cpuinfo.h:82:1: error: stray '\302' in program
  
 ^
..\src\cpuinfo.h:82:1: error: stray '\240' in program
..\src\cpuinfo.h:84:1: error: stray '\302' in program
  
 ^
..\src\cpuinfo.h:84:1: error: stray '\240' in program
..\src\cpuinfo.h:88:1: error: stray '\302' in program
  
 ^
..\src\cpuinfo.h:88:1: error: stray '\240' in program
..\src\cpuinfo.c:2:1: error: stray '\302' in program
  
 ^
..\src\cpuinfo.c:2:1: error: stray '\240' in program
..\src\cpuinfo.c:42:1: error: stray '\302' in program
  
 ^
..\src\cpuinfo.c:42:1: error: stray '\240' in program
..\src\cpuinfo.c: In function 'has_cpuid':
..\src\cpuinfo.c:45:1: error: stray '\302' in program
     int has = 0;
 ^
..\src\cpuinfo.c:45:1: error: stray '\240' in program
..\src\cpuinfo.c:45:1: error: stray '\302' in program
..\src\cpuinfo.c:45:1: error: stray '\240' in program
..\src\cpuinfo.c:45:1: error: stray '\302' in program
..\src\cpuinfo.c:45:1: error: stray '\240' in program
..\src\cpuinfo.c:45:1: error: stray '\302' in program
..\src\cpuinfo.c:45:1: error: stray '\240' in program
..\src\cpuinfo.c:46:1: error: stray '\302' in program
  
 ^
..\src\cpuinfo.c:46:1: error: stray '\240' in program
..\src\cpuinfo.c:48:1: error: stray '\302' in program
     __asm__ (
 ^
..\src\cpuinfo.c:48:1: error: stray '\240' in program
..\src\cpuinfo.c:48:1: error: stray '\302' in program
..\src\cpuinfo.c:48:1: error: stray '\240' in program
..\src\cpuinfo.c:48:1: error: stray '\302' in program
..\src\cpuinfo.c:48:1: error: stray '\240' in program
..\src\cpuinfo.c:48:1: error: stray '\302' in program
..\src\cpuinfo.c:48:1: error: stray '\240' in program
..\src\cpuinfo.c:49:1: error: stray '\302' in program
         "pushfl\n\t"
 ^
..\src\cpuinfo.c:49:1: error: stray '\240' in program
..\src\cpuinfo.c:49:1: error: stray '\302' in program
..\src\cpuinfo.c:49:1: error: stray '\240' in program
..\src\cpuinfo.c:49:1: error: stray '\302' in program
..\src\cpuinfo.c:49:1: error: stray '\240' in program
..\src\cpuinfo.c:49:1: error: stray '\302' in program
..\src\cpuinfo.c:49:1: error: stray '\240' in program
..\src\cpuinfo.c:49:1: error: stray '\302' in program
..\src\cpuinfo.c:49:1: error: stray '\240' in program
..\src\cpuinfo.c:49:1: error: stray '\302' in program
..\src\cpuinfo.c:49:1: error: stray '\240' in program
..\src\cpuinfo.c:49:1: error: stray '\302' in program
..\src\cpuinfo.c:49:1: error: stray '\240' in program
..\src\cpuinfo.c:49:1: error: stray '\302' in program
..\src\cpuinfo.c:49:1: error: stray '\240' in program
..\src\cpuinfo.c:50:1: error: stray '\302' in program
         "popl %%eax\n\t"
 ^
..\src\cpuinfo.c:50:1: error: stray '\240' in program
..\src\cpuinfo.c:50:1: error: stray '\302' in program
..\src\cpuinfo.c:50:1: error: stray '\240' in program
..\src\cpuinfo.c:50:1: error: stray '\302' in program
..\src\cpuinfo.c:50:1: error: stray '\240' in program
..\src\cpuinfo.c:50:1: error: stray '\302' in program
..\src\cpuinfo.c:50:1: error: stray '\240' in program
..\src\cpuinfo.c:50:1: error: stray '\302' in program
..\src\cpuinfo.c:50:1: error: stray '\240' in program
..\src\cpuinfo.c:50:1: error: stray '\302' in program
..\src\cpuinfo.c:50:1: error: stray '\240' in program
..\src\cpuinfo.c:50:1: error: stray '\302' in program
..\src\cpuinfo.c:50:1: error: stray '\240' in program
..\src\cpuinfo.c:50:1: error: stray '\302' in program
..\src\cpuinfo.c:50:1: error: stray '\240' in program
..\src\cpuinfo.c:50:17: error: expected ':' or ')' before string constant
         "popl %%eax\n\t"
                 ^
..\src\cpuinfo.c:51:1: error: stray '\302' in program
         "movl %%eax, %%edx\n\t"
 ^
..\src\cpuinfo.c:51:1: error: stray '\240' in program
..\src\cpuinfo.c:51:1: error: stray '\302' in program
..\src\cpuinfo.c:51:1: error: stray '\240' in program
..\src\cpuinfo.c:51:1: error: stray '\302' in program
..\src\cpuinfo.c:51:1: error: stray '\240' in program
..\src\cpuinfo.c:51:1: error: stray '\302' in program
..\src\cpuinfo.c:51:1: error: stray '\240' in program
..\src\cpuinfo.c:51:1: error: stray '\302' in program
..\src\cpuinfo.c:51:1: error: stray '\240' in program
..\src\cpuinfo.c:51:1: error: stray '\302' in program
..\src\cpuinfo.c:51:1: error: stray '\240' in program
..\src\cpuinfo.c:51:1: error: stray '\302' in program
..\src\cpuinfo.c:51:1: error: stray '\240' in program
..\src\cpuinfo.c:51:1: error: stray '\302' in program
..\src\cpuinfo.c:51:1: error: stray '\240' in program
..\src\cpuinfo.c:52:1: error: stray '\302' in program
         "xorl $0x200000, %%eax\n\t"
 ^
..\src\cpuinfo.c:52:1: error: stray '\240' in program
..\src\cpuinfo.c:52:1: error: stray '\302' in program
..\src\cpuinfo.c:52:1: error: stray '\240' in program
..\src\cpuinfo.c:52:1: error: stray '\302' in program
..\src\cpuinfo.c:52:1: error: stray '\240' in program
..\src\cpuinfo.c:52:1: error: stray '\302' in program
..\src\cpuinfo.c:52:1: error: stray '\240' in program
..\src\cpuinfo.c:52:1: error: stray '\302' in program
..\src\cpuinfo.c:52:1: error: stray '\240' in program
..\src\cpuinfo.c:52:1: error: stray '\302' in program
..\src\cpuinfo.c:52:1: error: stray '\240' in program
..\src\cpuinfo.c:52:1: error: stray '\302' in program
..\src\cpuinfo.c:52:1: error: stray '\240' in program
..\src\cpuinfo.c:52:1: error: stray '\302' in program
..\src\cpuinfo.c:52:1: error: stray '\240' in program
..\src\cpuinfo.c:53:1: error: stray '\302' in program
         "pushl %%eax\n\t"
 ^
..\src\cpuinfo.c:53:1: error: stray '\240' in program
..\src\cpuinfo.c:53:1: error: stray '\302' in program
..\src\cpuinfo.c:53:1: error: stray '\240' in program
..\src\cpuinfo.c:53:1: error: stray '\302' in program
..\src\cpuinfo.c:53:1: error: stray '\240' in program
..\src\cpuinfo.c:53:1: error: stray '\302' in program
..\src\cpuinfo.c:53:1: error: stray '\240' in program
..\src\cpuinfo.c:53:1: error: stray '\302' in program
..\src\cpuinfo.c:53:1: error: stray '\240' in program
..\src\cpuinfo.c:53:1: error: stray '\302' in program
..\src\cpuinfo.c:53:1: error: stray '\240' in program
..\src\cpuinfo.c:53:1: error: stray '\302' in program
..\src\cpuinfo.c:53:1: error: stray '\240' in program
..\src\cpuinfo.c:53:1: error: stray '\302' in program
..\src\cpuinfo.c:53:1: error: stray '\240' in program
..\src\cpuinfo.c:54:1: error: stray '\302' in program
         "popfl\n\t"
 ^
..\src\cpuinfo.c:54:1: error: stray '\240' in program
..\src\cpuinfo.c:54:1: error: stray '\302' in program
..\src\cpuinfo.c:54:1: error: stray '\240' in program
..\src\cpuinfo.c:54:1: error: stray '\302' in program
..\src\cpuinfo.c:54:1: error: stray '\240' in program
..\src\cpuinfo.c:54:1: error: stray '\302' in program
..\src\cpuinfo.c:54:1: error: stray '\240' in program
..\src\cpuinfo.c:54:1: error: stray '\302' in program
..\src\cpuinfo.c:54:1: error: stray '\240' in program
..\src\cpuinfo.c:54:1: error: stray '\302' in program
..\src\cpuinfo.c:54:1: error: stray '\240' in program
..\src\cpuinfo.c:54:1: error: stray '\302' in program
..\src\cpuinfo.c:54:1: error: stray '\240' in program
..\src\cpuinfo.c:54:1: error: stray '\302' in program
..\src\cpuinfo.c:54:1: error: stray '\240' in program
..\src\cpuinfo.c:55:1: error: stray '\302' in program
         "pushfl\n\t"
 ^
..\src\cpuinfo.c:55:1: error: stray '\240' in program
..\src\cpuinfo.c:55:1: error: stray '\302' in program
..\src\cpuinfo.c:55:1: error: stray '\240' in program
..\src\cpuinfo.c:55:1: error: stray '\302' in program
..\src\cpuinfo.c:55:1: error: stray '\240' in program
..\src\cpuinfo.c:55:1: error: stray '\302' in program
..\src\cpuinfo.c:55:1: error: stray '\240' in program
..\src\cpuinfo.c:55:1: error: stray '\302' in program
..\src\cpuinfo.c:55:1: error: stray '\240' in program
..\src\cpuinfo.c:55:1: error: stray '\302' in program
..\src\cpuinfo.c:55:1: error: stray '\240' in program
..\src\cpuinfo.c:55:1: error: stray '\302' in program
..\src\cpuinfo.c:55:1: error: stray '\240' in program
..\src\cpuinfo.c:55:1: error: stray '\302' in program
..\src\cpuinfo.c:55:1: error: stray '\240' in program
..\src\cpuinfo.c:56:1: error: stray '\302' in program
         "popl %%eax\n\t"
 ^
..\src\cpuinfo.c:56:1: error: stray '\240' in program
..\src\cpuinfo.c:56:1: error: stray '\302' in program
..\src\cpuinfo.c:56:1: error: stray '\240' in program
..\src\cpuinfo.c:56:1: error: stray '\302' in program
..\src\cpuinfo.c:56:1: error: stray '\240' in program
..\src\cpuinfo.c:56:1: error: stray '\302' in program
..\src\cpuinfo.c:56:1: error: stray '\240' in program
..\src\cpuinfo.c:56:1: error: stray '\302' in program
..\src\cpuinfo.c:56:1: error: stray '\240' in program
..\src\cpuinfo.c:56:1: error: stray '\302' in program
..\src\cpuinfo.c:56:1: error: stray '\240' in program
..\src\cpuinfo.c:56:1: error: stray '\302' in program
..\src\cpuinfo.c:56:1: error: stray '\240' in program
..\src\cpuinfo.c:56:1: error: stray '\302' in program
..\src\cpuinfo.c:56:1: error: stray '\240' in program
..\src\cpuinfo.c:57:1: error: stray '\302' in program
         "xorl %%eax, %%edx\n\t"
 ^
..\src\cpuinfo.c:57:1: error: stray '\240' in program
..\src\cpuinfo.c:57:1: error: stray '\302' in program
..\src\cpuinfo.c:57:1: error: stray '\240' in program
..\src\cpuinfo.c:57:1: error: stray '\302' in program
..\src\cpuinfo.c:57:1: error: stray '\240' in program
..\src\cpuinfo.c:57:1: error: stray '\302' in program
..\src\cpuinfo.c:57:1: error: stray '\240' in program
..\src\cpuinfo.c:57:1: error: stray '\302' in program
..\src\cpuinfo.c:57:1: error: stray '\240' in program
..\src\cpuinfo.c:57:1: error: stray '\302' in program
..\src\cpuinfo.c:57:1: error: stray '\240' in program
..\src\cpuinfo.c:57:1: error: stray '\302' in program
..\src\cpuinfo.c:57:1: error: stray '\240' in program
..\src\cpuinfo.c:57:1: error: stray '\302' in program
..\src\cpuinfo.c:57:1: error: stray '\240' in program
..\src\cpuinfo.c:58:1: error: stray '\302' in program
         "jz done\n\t"
 ^
..\src\cpuinfo.c:58:1: error: stray '\240' in program
..\src\cpuinfo.c:58:1: error: stray '\302' in program
..\src\cpuinfo.c:58:1: error: stray '\240' in program
..\src\cpuinfo.c:58:1: error: stray '\302' in program
..\src\cpuinfo.c:58:1: error: stray '\240' in program
..\src\cpuinfo.c:58:1: error: stray '\302' in program
..\src\cpuinfo.c:58:1: error: stray '\240' in program
..\src\cpuinfo.c:58:1: error: stray '\302' in program
..\src\cpuinfo.c:58:1: error: stray '\240' in program
..\src\cpuinfo.c:58:1: error: stray '\302' in program
..\src\cpuinfo.c:58:1: error: stray '\240' in program
..\src\cpuinfo.c:58:1: error: stray '\302' in program
..\src\cpuinfo.c:58:1: error: stray '\240' in program
..\src\cpuinfo.c:58:1: error: stray '\302' in program
..\src\cpuinfo.c:58:1: error: stray '\240' in program
..\src\cpuinfo.c:59:1: error: stray '\302' in program
         "movl $1, %0\n\t"
 ^
..\src\cpuinfo.c:59:1: error: stray '\240' in program
..\src\cpuinfo.c:59:1: error: stray '\302' in program
..\src\cpuinfo.c:59:1: error: stray '\240' in program
..\src\cpuinfo.c:59:1: error: stray '\302' in program
..\src\cpuinfo.c:59:1: error: stray '\240' in program
..\src\cpuinfo.c:59:1: error: stray '\302' in program
..\src\cpuinfo.c:59:1: error: stray '\240' in program
..\src\cpuinfo.c:59:1: error: stray '\302' in program
..\src\cpuinfo.c:59:1: error: stray '\240' in program
..\src\cpuinfo.c:59:1: error: stray '\302' in program
..\src\cpuinfo.c:59:1: error: stray '\240' in program
..\src\cpuinfo.c:59:1: error: stray '\302' in program
..\src\cpuinfo.c:59:1: error: stray '\240' in program
..\src\cpuinfo.c:59:1: error: stray '\302' in program
..\src\cpuinfo.c:59:1: error: stray '\240' in program
..\src\cpuinfo.c:60:1: error: stray '\302' in program
         "done:\n\t"
 ^
..\src\cpuinfo.c:60:1: error: stray '\240' in program
..\src\cpuinfo.c:60:1: error: stray '\302' in program
..\src\cpuinfo.c:60:1: error: stray '\240' in program
..\src\cpuinfo.c:60:1: error: stray '\302' in program
..\src\cpuinfo.c:60:1: error: stray '\240' in program
..\src\cpuinfo.c:60:1: error: stray '\302' in program
..\src\cpuinfo.c:60:1: error: stray '\240' in program
..\src\cpuinfo.c:60:1: error: stray '\302' in program
..\src\cpuinfo.c:60:1: error: stray '\240' in program
..\src\cpuinfo.c:60:1: error: stray '\302' in program
..\src\cpuinfo.c:60:1: error: stray '\240' in program
..\src\cpuinfo.c:60:1: error: stray '\302' in program
..\src\cpuinfo.c:60:1: error: stray '\240' in program
..\src\cpuinfo.c:60:1: error: stray '\302' in program
..\src\cpuinfo.c:60:1: error: stray '\240' in program
..\src\cpuinfo.c:61:1: error: stray '\302' in program
         :"=m"(has)
 ^
..\src\cpuinfo.c:61:1: error: stray '\240' in program
..\src\cpuinfo.c:61:1: error: stray '\302' in program
..\src\cpuinfo.c:61:1: error: stray '\240' in program
..\src\cpuinfo.c:61:1: error: stray '\302' in program
..\src\cpuinfo.c:61:1: error: stray '\240' in program
..\src\cpuinfo.c:61:1: error: stray '\302' in program
..\src\cpuinfo.c:61:1: error: stray '\240' in program
..\src\cpuinfo.c:61:1: error: stray '\302' in program
..\src\cpuinfo.c:61:1: error: stray '\240' in program
..\src\cpuinfo.c:61:1: error: stray '\302' in program
..\src\cpuinfo.c:61:1: error: stray '\240' in program
..\src\cpuinfo.c:61:1: error: stray '\302' in program
..\src\cpuinfo.c:61:1: error: stray '\240' in program
..\src\cpuinfo.c:61:1: error: stray '\302' in program
..\src\cpuinfo.c:61:1: error: stray '\240' in program
..\src\cpuinfo.c:62:1: error: stray '\302' in program
         :
 ^
..\src\cpuinfo.c:62:1: error: stray '\240' in program
..\src\cpuinfo.c:62:1: error: stray '\302' in program
..\src\cpuinfo.c:62:1: error: stray '\240' in program
..\src\cpuinfo.c:62:1: error: stray '\302' in program
..\src\cpuinfo.c:62:1: error: stray '\240' in program
..\src\cpuinfo.c:62:1: error: stray '\302' in program
..\src\cpuinfo.c:62:1: error: stray '\240' in program
..\src\cpuinfo.c:62:1: error: stray '\302' in program
..\src\cpuinfo.c:62:1: error: stray '\240' in program
..\src\cpuinfo.c:62:1: error: stray '\302' in program
..\src\cpuinfo.c:62:1: error: stray '\240' in program
..\src\cpuinfo.c:62:1: error: stray '\302' in program
..\src\cpuinfo.c:62:1: error: stray '\240' in program
..\src\cpuinfo.c:62:1: error: stray '\302' in program
..\src\cpuinfo.c:62:1: error: stray '\240' in program
..\src\cpuinfo.c:63:1: error: stray '\302' in program
         :"%eax", "%edx"
 ^
..\src\cpuinfo.c:63:1: error: stray '\240' in program
..\src\cpuinfo.c:63:1: error: stray '\302' in program
..\src\cpuinfo.c:63:1: error: stray '\240' in program
..\src\cpuinfo.c:63:1: error: stray '\302' in program
..\src\cpuinfo.c:63:1: error: stray '\240' in program
..\src\cpuinfo.c:63:1: error: stray '\302' in program
..\src\cpuinfo.c:63:1: error: stray '\240' in program
..\src\cpuinfo.c:63:1: error: stray '\302' in program
..\src\cpuinfo.c:63:1: error: stray '\240' in program
..\src\cpuinfo.c:63:1: error: stray '\302' in program
..\src\cpuinfo.c:63:1: error: stray '\240' in program
..\src\cpuinfo.c:63:1: error: stray '\302' in program
..\src\cpuinfo.c:63:1: error: stray '\240' in program
..\src\cpuinfo.c:63:1: error: stray '\302' in program
..\src\cpuinfo.c:63:1: error: stray '\240' in program
..\src\cpuinfo.c:64:1: error: stray '\302' in program
     );
 ^
..\src\cpuinfo.c:64:1: error: stray '\240' in program
..\src\cpuinfo.c:64:1: error: stray '\302' in program
..\src\cpuinfo.c:64:1: error: stray '\240' in program
..\src\cpuinfo.c:64:1: error: stray '\302' in program
..\src\cpuinfo.c:64:1: error: stray '\240' in program
..\src\cpuinfo.c:64:1: error: stray '\302' in program
..\src\cpuinfo.c:64:1: error: stray '\240' in program
..\src\cpuinfo.c:101:1: error: stray '\302' in program
  
 ^
..\src\cpuinfo.c:101:1: error: stray '\240' in program
..\src\cpuinfo.c:102:1: error: stray '\302' in program
     return has;
 ^
..\src\cpuinfo.c:102:1: error: stray '\240' in program
..\src\cpuinfo.c:102:1: error: stray '\302' in program
..\src\cpuinfo.c:102:1: error: stray '\240' in program
..\src\cpuinfo.c:102:1: error: stray '\302' in program
..\src\cpuinfo.c:102:1: error: stray '\240' in program
..\src\cpuinfo.c:102:1: error: stray '\302' in program
..\src\cpuinfo.c:102:1: error: stray '\240' in program
..\src\cpuinfo.c: At top level:
..\src\cpuinfo.c:104:1: error: stray '\302' in program
  
 ^
..\src\cpuinfo.c:104:1: error: stray '\240' in program
..\src\cpuinfo.c: In function 'cpuinfo':
..\src\cpuinfo.c:107:1: error: stray '\302' in program
     if (!(has_cpuid() && cpu))
 ^
..\src\cpuinfo.c:107:1: error: stray '\240' in program
..\src\cpuinfo.c:107:1: error: stray '\302' in program
..\src\cpuinfo.c:107:1: error: stray '\240' in program
..\src\cpuinfo.c:107:1: error: stray '\302' in program
..\src\cpuinfo.c:107:1: error: stray '\240' in program
..\src\cpuinfo.c:107:1: error: stray '\302' in program
..\src\cpuinfo.c:107:1: error: stray '\240' in program
..\src\cpuinfo.c:108:1: error: stray '\302' in program
         return 0;
 ^
..\src\cpuinfo.c:108:1: error: stray '\240' in program
..\src\cpuinfo.c:108:1: error: stray '\302' in program
..\src\cpuinfo.c:108:1: error: stray '\240' in program
..\src\cpuinfo.c:108:1: error: stray '\302' in program
..\src\cpuinfo.c:108:1: error: stray '\240' in program
..\src\cpuinfo.c:108:1: error: stray '\302' in program
..\src\cpuinfo.c:108:1: error: stray '\240' in program
..\src\cpuinfo.c:108:1: error: stray '\302' in program
..\src\cpuinfo.c:108:1: error: stray '\240' in program
..\src\cpuinfo.c:108:1: error: stray '\302' in program
..\src\cpuinfo.c:108:1: error: stray '\240' in program
..\src\cpuinfo.c:108:1: error: stray '\302' in program
..\src\cpuinfo.c:108:1: error: stray '\240' in program
..\src\cpuinfo.c:108:1: error: stray '\302' in program
..\src\cpuinfo.c:108:1: error: stray '\240' in program
..\src\cpuinfo.c:109:1: error: stray '\302' in program
  
 ^
..\src\cpuinfo.c:109:1: error: stray '\240' in program
..\src\cpuinfo.c:110:1: error: stray '\302' in program
     __cpuid__(eax, cpu->eax, cpu->ebx, cpu->ecx, cpu->edx);
 ^
..\src\cpuinfo.c:110:1: error: stray '\240' in program
..\src\cpuinfo.c:110:1: error: stray '\302' in program
..\src\cpuinfo.c:110:1: error: stray '\240' in program
..\src\cpuinfo.c:110:1: error: stray '\302' in program
..\src\cpuinfo.c:110:1: error: stray '\240' in program
..\src\cpuinfo.c:110:1: error: stray '\302' in program
..\src\cpuinfo.c:110:1: error: stray '\240' in program
..\src\cpuinfo.c:110:1: error: stray '\302' in program
..\src\cpuinfo.c:110:1: error: stray '\240' in program
..\src\cpuinfo.c:110:1: error: stray '\302' in program
..\src\cpuinfo.c:110:1: error: stray '\240' in program
..\src\cpuinfo.c:110:1: error: stray '\302' in program
..\src\cpuinfo.c:110:1: error: stray '\240' in program
..\src\cpuinfo.c:110:1: error: stray '\302' in program
..\src\cpuinfo.c:110:1: error: stray '\240' in program
..\src\cpuinfo.c:110:1: error: stray '\302' in program
..\src\cpuinfo.c:110:1: error: stray '\240' in program
..\src\cpuinfo.c:110:1: error: stray '\302' in program
..\src\cpuinfo.c:110:1: error: stray '\240' in program
..\src\cpuinfo.c:110:1: error: stray '\302' in program
..\src\cpuinfo.c:110:1: error: stray '\240' in program
..\src\cpuinfo.c:110:1: error: stray '\302' in program
..\src\cpuinfo.c:110:1: error: stray '\240' in program
..\src\cpuinfo.c:110:1: error: stray '\302' in program
..\src\cpuinfo.c:110:1: error: stray '\240' in program
..\src\cpuinfo.c:110:1: error: stray '\302' in program
..\src\cpuinfo.c:110:1: error: stray '\240' in program
..\src\cpuinfo.c:110:1: error: stray '\302' in program
..\src\cpuinfo.c:110:1: error: stray '\240' in program
..\src\cpuinfo.c:110:1: error: stray '\302' in program
..\src\cpuinfo.c:110:1: error: stray '\240' in program
..\src\cpuinfo.c:110:1: error: stray '\302' in program
..\src\cpuinfo.c:110:1: error: stray '\240' in program
..\src\cpuinfo.c:110:1: error: stray '\302' in program
..\src\cpuinfo.c:110:1: error: stray '\240' in program
..\src\cpuinfo.c:110:1: error: stray '\302' in program
..\src\cpuinfo.c:110:1: error: stray '\240' in program
..\src\cpuinfo.c:110:1: error: stray '\302' in program
..\src\cpuinfo.c:110:1: error: stray '\240' in program
..\src\cpuinfo.c:110:1: error: stray '\302' in program
..\src\cpuinfo.c:110:1: error: stray '\240' in program
..\src\cpuinfo.c:110:1: error: stray '\302' in program
..\src\cpuinfo.c:110:1: error: stray '\240' in program
..\src\cpuinfo.c:110:1: error: stray '\302' in program
..\src\cpuinfo.c:110:1: error: stray '\240' in program
..\src\cpuinfo.c:110:1: error: stray '\302' in program
..\src\cpuinfo.c:110:1: error: stray '\240' in program
..\src\cpuinfo.c:110:1: error: stray '\302' in program
..\src\cpuinfo.c:110:1: error: stray '\240' in program
..\src\cpuinfo.c:110:1: error: stray '\302' in program
..\src\cpuinfo.c:110:1: error: stray '\240' in program
..\src\cpuinfo.c:110:1: error: stray '\302' in program
..\src\cpuinfo.c:110:1: error: stray '\240' in program
..\src\cpuinfo.c:110:1: error: stray '\302' in program
..\src\cpuinfo.c:110:1: error: stray '\240' in program
..\src\cpuinfo.c:110:1: error: stray '\302' in program
..\src\cpuinfo.c:110:1: error: stray '\240' in program
..\src\cpuinfo.c:110:1: error: stray '\302' in program
..\src\cpuinfo.c:110:1: error: stray '\240' in program
..\src\cpuinfo.c:110:1: error: stray '\302' in program
..\src\cpuinfo.c:110:1: error: stray '\240' in program
..\src\cpuinfo.c:110:1: error: stray '\302' in program
..\src\cpuinfo.c:110:1: error: stray '\240' in program
..\src\cpuinfo.c:110:1: error: stray '\302' in program
..\src\cpuinfo.c:110:1: error: stray '\240' in program
..\src\cpuinfo.c:110:1: error: stray '\302' in program
..\src\cpuinfo.c:110:1: error: stray '\240' in program
..\src\cpuinfo.c:110:1: error: stray '\302' in program
..\src\cpuinfo.c:110:1: error: stray '\240' in program
..\src\cpuinfo.c:110:1: error: stray '\302' in program
..\src\cpuinfo.c:110:1: error: stray '\240' in program
..\src\cpuinfo.c:110:1: error: stray '\302' in program
..\src\cpuinfo.c:110:1: error: stray '\240' in program
..\src\cpuinfo.c:110:1: error: stray '\302' in program
..\src\cpuinfo.c:110:1: error: stray '\240' in program
..\src\cpuinfo.c:110:1: error: stray '\302' in program
..\src\cpuinfo.c:110:1: error: stray '\240' in program
..\src\cpuinfo.c:110:1: error: stray '\302' in program
..\src\cpuinfo.c:110:1: error: stray '\240' in program
..\src\cpuinfo.c:110:1: error: stray '\302' in program
..\src\cpuinfo.c:110:1: error: stray '\240' in program
..\src\cpuinfo.c:110:1: error: stray '\302' in program
..\src\cpuinfo.c:110:1: error: stray '\240' in program
..\src\cpuinfo.c:110:1: error: stray '\302' in program
..\src\cpuinfo.c:110:1: error: stray '\240' in program
..\src\cpuinfo.c:110:1: error: stray '\302' in program
..\src\cpuinfo.c:110:1: error: stray '\240' in program
..\src\cpuinfo.c:110:1: error: stray '\302' in program
..\src\cpuinfo.c:110:1: error: stray '\240' in program
..\src\cpuinfo.c:110:1: error: stray '\302' in program
..\src\cpuinfo.c:110:1: error: stray '\240' in program
..\src\cpuinfo.c:110:1: error: stray '\302' in program
..\src\cpuinfo.c:110:1: error: stray '\240' in program
..\src\cpuinfo.c:110:1: error: stray '\302' in program
..\src\cpuinfo.c:110:1: error: stray '\240' in program
..\src\cpuinfo.c:110:1: error: stray '\302' in program
..\src\cpuinfo.c:110:1: error: stray '\240' in program
..\src\cpuinfo.c:110:1: error: stray '\302' in program
..\src\cpuinfo.c:110:1: error: stray '\240' in program
..\src\cpuinfo.c:110:1: error: stray '\302' in program
..\src\cpuinfo.c:110:1: error: stray '\240' in program
..\src\cpuinfo.c:110:1: error: stray '\302' in program
..\src\cpuinfo.c:110:1: error: stray '\240' in program
..\src\cpuinfo.c:110:1: error: stray '\302' in program
..\src\cpuinfo.c:110:1: error: stray '\240' in program
..\src\cpuinfo.c:110:1: error: stray '\302' in program
..\src\cpuinfo.c:110:1: error: stray '\240' in program
..\src\cpuinfo.c:110:1: error: stray '\302' in program
..\src\cpuinfo.c:110:1: error: stray '\240' in program
..\src\cpuinfo.c:110:1: error: stray '\302' in program
..\src\cpuinfo.c:110:1: error: stray '\240' in program
..\src\cpuinfo.c:110:1: error: stray '\302' in program
..\src\cpuinfo.c:110:1: error: stray '\240' in program
..\src\cpuinfo.c:110:1: error: stray '\302' in program
..\src\cpuinfo.c:110:1: error: stray '\240' in program
..\src\cpuinfo.c:110:1: error: stray '\302' in program
..\src\cpuinfo.c:110:1: error: stray '\240' in program
..\src\cpuinfo.c:110:1: error: stray '\302' in program
..\src\cpuinfo.c:110:1: error: stray '\240' in program
..\src\cpuinfo.c:110:1: error: stray '\302' in program
..\src\cpuinfo.c:110:1: error: stray '\240' in program
..\src\cpuinfo.c:110:1: error: stray '\302' in program
..\src\cpuinfo.c:110:1: error: stray '\240' in program
..\src\cpuinfo.c:110:1: error: stray '\302' in program
..\src\cpuinfo.c:110:1: error: stray '\240' in program
..\src\cpuinfo.c:110:1: error: stray '\302' in program
..\src\cpuinfo.c:110:1: error: stray '\240' in program
..\src\cpuinfo.c:110:1: error: stray '\302' in program
..\src\cpuinfo.c:110:1: error: stray '\240' in program
..\src\cpuinfo.c:110:1: error: stray '\302' in program
..\src\cpuinfo.c:110:1: error: stray '\240' in program
..\src\cpuinfo.c:110:1: error: stray '\302' in program
..\src\cpuinfo.c:110:1: error: stray '\240' in program
..\src\cpuinfo.c:110:1: error: stray '\302' in program
..\src\cpuinfo.c:110:1: error: stray '\240' in program
..\src\cpuinfo.c:110:1: error: stray '\302' in program
..\src\cpuinfo.c:110:1: error: stray '\240' in program
..\src\cpuinfo.c:110:1: error: stray '\302' in program
..\src\cpuinfo.c:110:1: error: stray '\240' in program
..\src\cpuinfo.c:110:1: error: stray '\302' in program
..\src\cpuinfo.c:110:1: error: stray '\240' in program
..\src\cpuinfo.c:110:1: error: stray '\302' in program
..\src\cpuinfo.c:110:1: error: stray '\240' in program
..\src\cpuinfo.c:110:1: error: stray '\302' in program
..\src\cpuinfo.c:110:1: error: stray '\240' in program
..\src\cpuinfo.c:110:1: error: stray '\302' in program
..\src\cpuinfo.c:110:1: error: stray '\240' in program
..\src\cpuinfo.c:110:1: error: stray '\302' in program
..\src\cpuinfo.c:110:1: error: stray '\240' in program
..\src\cpuinfo.c:110:1: error: stray '\302' in program
..\src\cpuinfo.c:110:1: error: stray '\240' in program
..\src\cpuinfo.c:110:1: error: stray '\302' in program
..\src\cpuinfo.c:110:1: error: stray '\240' in program
..\src\cpuinfo.c:110:1: error: stray '\302' in program
..\src\cpuinfo.c:110:1: error: stray '\240' in program
..\src\cpuinfo.c:110:1: error: stray '\302' in program
..\src\cpuinfo.c:110:1: error: stray '\240' in program
..\src\cpuinfo.c:110:1: error: stray '\302' in program
..\src\cpuinfo.c:110:1: error: stray '\240' in program
..\src\cpuinfo.c:110:1: error: stray '\302' in program
..\src\cpuinfo.c:110:1: error: stray '\240' in program
..\src\cpuinfo.c:110:1: error: stray '\302' in program
..\src\cpuinfo.c:110:1: error: stray '\240' in program
..\src\cpuinfo.c:110:1: error: stray '\302' in program
..\src\cpuinfo.c:110:1: error: stray '\240' in program
..\src\cpuinfo.c:110:1: error: stray '\302' in program
..\src\cpuinfo.c:110:1: error: stray '\240' in program
..\src\cpuinfo.c:110:1: error: stray '\302' in program
..\src\cpuinfo.c:110:1: error: stray '\240' in program
..\src\cpuinfo.c:110:1: error: stray '\302' in program
..\src\cpuinfo.c:110:1: error: stray '\240' in program
..\src\cpuinfo.c:110:1: error: stray '\302' in program
..\src\cpuinfo.c:110:1: error: stray '\240' in program
..\src\cpuinfo.c:110:1: error: stray '\302' in program
..\src\cpuinfo.c:110:1: error: stray '\240' in program
..\src\cpuinfo.c:110:1: error: stray '\302' in program
..\src\cpuinfo.c:110:1: error: stray '\240' in program
..\src\cpuinfo.c:110:1: error: stray '\302' in program
..\src\cpuinfo.c:110:1: error: stray '\240' in program
..\src\cpuinfo.c:110:1: error: stray '\302' in program
..\src\cpuinfo.c:110:1: error: stray '\240' in program
..\src\cpuinfo.c:7:17: error: expected ':' or ')' before string constant
         "cpuid\n\t"                            \
                 ^
..\src\cpuinfo.c:110:9: note: in expansion of macro '__cpuid__'
     __cpuid__(eax, cpu->eax, cpu->ebx, cpu->ecx, cpu->edx);
         ^
..\src\cpuinfo.c:7:17: error: stray '\302' in program
         "cpuid\n\t"                            \
                 ^
..\src\cpuinfo.c:110:9: note: in expansion of macro '__cpuid__'
     __cpuid__(eax, cpu->eax, cpu->ebx, cpu->ecx, cpu->edx);
         ^
..\src\cpuinfo.c:7:17: error: stray '\240' in program
         "cpuid\n\t"                            \
                 ^
..\src\cpuinfo.c:110:9: note: in expansion of macro '__cpuid__'
     __cpuid__(eax, cpu->eax, cpu->ebx, cpu->ecx, cpu->edx);
         ^
..\src\cpuinfo.c:7:17: error: stray '\302' in program
         "cpuid\n\t"                            \
                 ^
..\src\cpuinfo.c:110:9: note: in expansion of macro '__cpuid__'
     __cpuid__(eax, cpu->eax, cpu->ebx, cpu->ecx, cpu->edx);
         ^
..\src\cpuinfo.c:7:17: error: stray '\240' in program
         "cpuid\n\t"                            \
                 ^
..\src\cpuinfo.c:110:9: note: in expansion of macro '__cpuid__'
     __cpuid__(eax, cpu->eax, cpu->ebx, cpu->ecx, cpu->edx);
         ^
..\src\cpuinfo.c:7:17: error: stray '\302' in program
         "cpuid\n\t"                            \
                 ^
..\src\cpuinfo.c:110:9: note: in expansion of macro '__cpuid__'
     __cpuid__(eax, cpu->eax, cpu->ebx, cpu->ecx, cpu->edx);
         ^
..\src\cpuinfo.c:7:17: error: stray '\240' in program
         "cpuid\n\t"                            \
                 ^
..\src\cpuinfo.c:110:9: note: in expansion of macro '__cpuid__'
     __cpuid__(eax, cpu->eax, cpu->ebx, cpu->ecx, cpu->edx);
         ^
..\src\cpuinfo.c:7:17: error: stray '\302' in program
         "cpuid\n\t"                            \
                 ^
..\src\cpuinfo.c:110:9: note: in expansion of macro '__cpuid__'
     __cpuid__(eax, cpu->eax, cpu->ebx, cpu->ecx, cpu->edx);
         ^
..\src\cpuinfo.c:7:17: error: stray '\240' in program
         "cpuid\n\t"                            \
                 ^
..\src\cpuinfo.c:110:9: note: in expansion of macro '__cpuid__'
     __cpuid__(eax, cpu->eax, cpu->ebx, cpu->ecx, cpu->edx);
         ^
..\src\cpuinfo.c:7:17: error: stray '\302' in program
         "cpuid\n\t"                            \
                 ^
..\src\cpuinfo.c:110:9: note: in expansion of macro '__cpuid__'
     __cpuid__(eax, cpu->eax, cpu->ebx, cpu->ecx, cpu->edx);
         ^
..\src\cpuinfo.c:7:17: error: stray '\240' in program
         "cpuid\n\t"                            \
                 ^
..\src\cpuinfo.c:110:9: note: in expansion of macro '__cpuid__'
     __cpuid__(eax, cpu->eax, cpu->ebx, cpu->ecx, cpu->edx);
         ^
..\src\cpuinfo.c:7:17: error: stray '\302' in program
         "cpuid\n\t"                            \
                 ^
..\src\cpuinfo.c:110:9: note: in expansion of macro '__cpuid__'
     __cpuid__(eax, cpu->eax, cpu->ebx, cpu->ecx, cpu->edx);
         ^
..\src\cpuinfo.c:7:17: error: stray '\240' in program
         "cpuid\n\t"                            \
                 ^
..\src\cpuinfo.c:110:9: note: in expansion of macro '__cpuid__'
     __cpuid__(eax, cpu->eax, cpu->ebx, cpu->ecx, cpu->edx);
         ^
..\src\cpuinfo.c:7:17: error: stray '\302' in program
         "cpuid\n\t"                            \
                 ^
..\src\cpuinfo.c:110:9: note: in expansion of macro '__cpuid__'
     __cpuid__(eax, cpu->eax, cpu->ebx, cpu->ecx, cpu->edx);
         ^
..\src\cpuinfo.c:7:17: error: stray '\240' in program
         "cpuid\n\t"                            \
                 ^
..\src\cpuinfo.c:110:9: note: in expansion of macro '__cpuid__'
     __cpuid__(eax, cpu->eax, cpu->ebx, cpu->ecx, cpu->edx);
         ^
..\src\cpuinfo.c:7:17: error: stray '\302' in program
         "cpuid\n\t"                            \
                 ^
..\src\cpuinfo.c:110:9: note: in expansion of macro '__cpuid__'
     __cpuid__(eax, cpu->eax, cpu->ebx, cpu->ecx, cpu->edx);
         ^
..\src\cpuinfo.c:7:17: error: stray '\240' in program
         "cpuid\n\t"                            \
                 ^
..\src\cpuinfo.c:110:9: note: in expansion of macro '__cpuid__'
     __cpuid__(eax, cpu->eax, cpu->ebx, cpu->ecx, cpu->edx);
         ^
..\src\cpuinfo.c:7:17: error: stray '\302' in program
         "cpuid\n\t"                            \
                 ^
..\src\cpuinfo.c:110:9: note: in expansion of macro '__cpuid__'
     __cpuid__(eax, cpu->eax, cpu->ebx, cpu->ecx, cpu->edx);
         ^
..\src\cpuinfo.c:7:17: error: stray '\240' in program
         "cpuid\n\t"                            \
                 ^
..\src\cpuinfo.c:110:9: note: in expansion of macro '__cpuid__'
     __cpuid__(eax, cpu->eax, cpu->ebx, cpu->ecx, cpu->edx);
         ^
..\src\cpuinfo.c:7:17: error: stray '\302' in program
         "cpuid\n\t"                            \
                 ^
..\src\cpuinfo.c:110:9: note: in expansion of macro '__cpuid__'
     __cpuid__(eax, cpu->eax, cpu->ebx, cpu->ecx, cpu->edx);
         ^
..\src\cpuinfo.c:7:17: error: stray '\240' in program
         "cpuid\n\t"                            \
                 ^
..\src\cpuinfo.c:110:9: note: in expansion of macro '__cpuid__'
     __cpuid__(eax, cpu->eax, cpu->ebx, cpu->ecx, cpu->edx);
         ^
..\src\cpuinfo.c:7:17: error: stray '\302' in program
         "cpuid\n\t"                            \
                 ^
..\src\cpuinfo.c:110:9: note: in expansion of macro '__cpuid__'
     __cpuid__(eax, cpu->eax, cpu->ebx, cpu->ecx, cpu->edx);
         ^
..\src\cpuinfo.c:7:17: error: stray '\240' in program
         "cpuid\n\t"                            \
                 ^
..\src\cpuinfo.c:110:9: note: in expansion of macro '__cpuid__'
     __cpuid__(eax, cpu->eax, cpu->ebx, cpu->ecx, cpu->edx);
         ^
..\src\cpuinfo.c:7:17: error: stray '\302' in program
         "cpuid\n\t"                            \
                 ^
..\src\cpuinfo.c:110:9: note: in expansion of macro '__cpuid__'
     __cpuid__(eax, cpu->eax, cpu->ebx, cpu->ecx, cpu->edx);
         ^
..\src\cpuinfo.c:7:17: error: stray '\240' in program
         "cpuid\n\t"                            \
                 ^
..\src\cpuinfo.c:110:9: note: in expansion of macro '__cpuid__'
     __cpuid__(eax, cpu->eax, cpu->ebx, cpu->ecx, cpu->edx);
         ^
..\src\cpuinfo.c:7:17: error: stray '\302' in program
         "cpuid\n\t"                            \
                 ^
..\src\cpuinfo.c:110:9: note: in expansion of macro '__cpuid__'
     __cpuid__(eax, cpu->eax, cpu->ebx, cpu->ecx, cpu->edx);
         ^
..\src\cpuinfo.c:7:17: error: stray '\240' in program
         "cpuid\n\t"                            \
                 ^
..\src\cpuinfo.c:110:9: note: in expansion of macro '__cpuid__'
     __cpuid__(eax, cpu->eax, cpu->ebx, cpu->ecx, cpu->edx);
         ^
..\src\cpuinfo.c:7:17: error: stray '\302' in program
         "cpuid\n\t"                            \
                 ^
..\src\cpuinfo.c:110:9: note: in expansion of macro '__cpuid__'
     __cpuid__(eax, cpu->eax, cpu->ebx, cpu->ecx, cpu->edx);
         ^
..\src\cpuinfo.c:7:17: error: stray '\240' in program
         "cpuid\n\t"                            \
                 ^
..\src\cpuinfo.c:110:9: note: in expansion of macro '__cpuid__'
     __cpuid__(eax, cpu->eax, cpu->ebx, cpu->ecx, cpu->edx);
         ^
..\src\cpuinfo.c:7:17: error: stray '\302' in program
         "cpuid\n\t"                            \
                 ^
..\src\cpuinfo.c:110:9: note: in expansion of macro '__cpuid__'
     __cpuid__(eax, cpu->eax, cpu->ebx, cpu->ecx, cpu->edx);
         ^
..\src\cpuinfo.c:7:17: error: stray '\240' in program
         "cpuid\n\t"                            \
                 ^
..\src\cpuinfo.c:110:9: note: in expansion of macro '__cpuid__'
     __cpuid__(eax, cpu->eax, cpu->ebx, cpu->ecx, cpu->edx);
         ^
..\src\cpuinfo.c:7:17: error: stray '\302' in program
         "cpuid\n\t"                            \
                 ^
..\src\cpuinfo.c:110:9: note: in expansion of macro '__cpuid__'
     __cpuid__(eax, cpu->eax, cpu->ebx, cpu->ecx, cpu->edx);
         ^
..\src\cpuinfo.c:7:17: error: stray '\240' in program
         "cpuid\n\t"                            \
                 ^
..\src\cpuinfo.c:110:9: note: in expansion of macro '__cpuid__'
     __cpuid__(eax, cpu->eax, cpu->ebx, cpu->ecx, cpu->edx);
         ^
..\src\cpuinfo.c:7:17: error: stray '\302' in program
         "cpuid\n\t"                            \
                 ^
..\src\cpuinfo.c:110:9: note: in expansion of macro '__cpuid__'
     __cpuid__(eax, cpu->eax, cpu->ebx, cpu->ecx, cpu->edx);
         ^
..\src\cpuinfo.c:7:17: error: stray '\240' in program
         "cpuid\n\t"                            \
                 ^
..\src\cpuinfo.c:110:9: note: in expansion of macro '__cpuid__'
     __cpuid__(eax, cpu->eax, cpu->ebx, cpu->ecx, cpu->edx);
         ^
..\src\cpuinfo.c:7:17: error: stray '\302' in program
         "cpuid\n\t"                            \
                 ^
..\src\cpuinfo.c:110:9: note: in expansion of macro '__cpuid__'
     __cpuid__(eax, cpu->eax, cpu->ebx, cpu->ecx, cpu->edx);
         ^
..\src\cpuinfo.c:7:17: error: stray '\240' in program
         "cpuid\n\t"                            \
                 ^
..\src\cpuinfo.c:110:9: note: in expansion of macro '__cpuid__'
     __cpuid__(eax, cpu->eax, cpu->ebx, cpu->ecx, cpu->edx);
         ^
..\src\cpuinfo.c:7:17: error: stray '\302' in program
         "cpuid\n\t"                            \
                 ^
..\src\cpuinfo.c:110:9: note: in expansion of macro '__cpuid__'
     __cpuid__(eax, cpu->eax, cpu->ebx, cpu->ecx, cpu->edx);
         ^
..\src\cpuinfo.c:7:17: error: stray '\240' in program
         "cpuid\n\t"                            \
                 ^
..\src\cpuinfo.c:110:9: note: in expansion of macro '__cpuid__'
     __cpuid__(eax, cpu->eax, cpu->ebx, cpu->ecx, cpu->edx);
         ^
..\src\cpuinfo.c:7:17: error: stray '\302' in program
         "cpuid\n\t"                            \
                 ^
..\src\cpuinfo.c:110:9: note: in expansion of macro '__cpuid__'
     __cpuid__(eax, cpu->eax, cpu->ebx, cpu->ecx, cpu->edx);
         ^
..\src\cpuinfo.c:7:17: error: stray '\240' in program
         "cpuid\n\t"                            \
                 ^
..\src\cpuinfo.c:110:9: note: in expansion of macro '__cpuid__'
     __cpuid__(eax, cpu->eax, cpu->ebx, cpu->ecx, cpu->edx);
         ^
..\src\cpuinfo.c:7:17: error: stray '\302' in program
         "cpuid\n\t"                            \
                 ^
..\src\cpuinfo.c:110:9: note: in expansion of macro '__cpuid__'
     __cpuid__(eax, cpu->eax, cpu->ebx, cpu->ecx, cpu->edx);
         ^
..\src\cpuinfo.c:7:17: error: stray '\240' in program
         "cpuid\n\t"                            \
                 ^
..\src\cpuinfo.c:110:9: note: in expansion of macro '__cpuid__'
     __cpuid__(eax, cpu->eax, cpu->ebx, cpu->ecx, cpu->edx);
         ^
..\src\cpuinfo.c:7:17: error: stray '\302' in program
         "cpuid\n\t"                            \
                 ^
..\src\cpuinfo.c:110:9: note: in expansion of macro '__cpuid__'
     __cpuid__(eax, cpu->eax, cpu->ebx, cpu->ecx, cpu->edx);
         ^
..\src\cpuinfo.c:7:17: error: stray '\240' in program
         "cpuid\n\t"                            \
                 ^
..\src\cpuinfo.c:110:9: note: in expansion of macro '__cpuid__'
     __cpuid__(eax, cpu->eax, cpu->ebx, cpu->ecx, cpu->edx);
         ^
..\src\cpuinfo.c:7:17: error: stray '\302' in program
         "cpuid\n\t"                            \
                 ^
..\src\cpuinfo.c:110:9: note: in expansion of macro '__cpuid__'
     __cpuid__(eax, cpu->eax, cpu->ebx, cpu->ecx, cpu->edx);
         ^
..\src\cpuinfo.c:7:17: error: stray '\240' in program
         "cpuid\n\t"                            \
                 ^
..\src\cpuinfo.c:110:9: note: in expansion of macro '__cpuid__'
     __cpuid__(eax, cpu->eax, cpu->ebx, cpu->ecx, cpu->edx);
         ^
..\src\cpuinfo.c:7:17: error: stray '\302' in program
         "cpuid\n\t"                            \
                 ^
..\src\cpuinfo.c:110:9: note: in expansion of macro '__cpuid__'
     __cpuid__(eax, cpu->eax, cpu->ebx, cpu->ecx, cpu->edx);
         ^
..\src\cpuinfo.c:7:17: error: stray '\240' in program
         "cpuid\n\t"                            \
                 ^
..\src\cpuinfo.c:110:9: note: in expansion of macro '__cpuid__'
     __cpuid__(eax, cpu->eax, cpu->ebx, cpu->ecx, cpu->edx);
         ^
..\src\cpuinfo.c:7:17: error: stray '\302' in program
         "cpuid\n\t"                            \
                 ^
..\src\cpuinfo.c:110:9: note: in expansion of macro '__cpuid__'
     __cpuid__(eax, cpu->eax, cpu->ebx, cpu->ecx, cpu->edx);
         ^
..\src\cpuinfo.c:7:17: error: stray '\240' in program
         "cpuid\n\t"                            \
                 ^
..\src\cpuinfo.c:110:9: note: in expansion of macro '__cpuid__'
     __cpuid__(eax, cpu->eax, cpu->ebx, cpu->ecx, cpu->edx);
         ^
..\src\cpuinfo.c:7:17: error: stray '\302' in program
         "cpuid\n\t"                            \
                 ^
..\src\cpuinfo.c:110:9: note: in expansion of macro '__cpuid__'
     __cpuid__(eax, cpu->eax, cpu->ebx, cpu->ecx, cpu->edx);
         ^
..\src\cpuinfo.c:7:17: error: stray '\240' in program
         "cpuid\n\t"                            \
                 ^
..\src\cpuinfo.c:110:9: note: in expansion of macro '__cpuid__'
     __cpuid__(eax, cpu->eax, cpu->ebx, cpu->ecx, cpu->edx);
         ^
..\src\cpuinfo.c:7:17: error: stray '\302' in program
         "cpuid\n\t"                            \
                 ^
..\src\cpuinfo.c:110:9: note: in expansion of macro '__cpuid__'
     __cpuid__(eax, cpu->eax, cpu->ebx, cpu->ecx, cpu->edx);
         ^
..\src\cpuinfo.c:7:17: error: stray '\240' in program
         "cpuid\n\t"                            \
                 ^
..\src\cpuinfo.c:110:9: note: in expansion of macro '__cpuid__'
     __cpuid__(eax, cpu->eax, cpu->ebx, cpu->ecx, cpu->edx);
         ^
..\src\cpuinfo.c:7:17: error: stray '\302' in program
         "cpuid\n\t"                            \
                 ^
..\src\cpuinfo.c:110:9: note: in expansion of macro '__cpuid__'
     __cpuid__(eax, cpu->eax, cpu->ebx, cpu->ecx, cpu->edx);
         ^
..\src\cpuinfo.c:7:17: error: stray '\240' in program
         "cpuid\n\t"                            \
                 ^
..\src\cpuinfo.c:110:9: note: in expansion of macro '__cpuid__'
     __cpuid__(eax, cpu->eax, cpu->ebx, cpu->ecx, cpu->edx);
         ^
..\src\cpuinfo.c:7:17: error: stray '\302' in program
         "cpuid\n\t"                            \
                 ^
..\src\cpuinfo.c:110:9: note: in expansion of macro '__cpuid__'
     __cpuid__(eax, cpu->eax, cpu->ebx, cpu->ecx, cpu->edx);
         ^
..\src\cpuinfo.c:7:17: error: stray '\240' in program
         "cpuid\n\t"                            \
                 ^
..\src\cpuinfo.c:110:9: note: in expansion of macro '__cpuid__'
     __cpuid__(eax, cpu->eax, cpu->ebx, cpu->ecx, cpu->edx);
         ^
..\src\cpuinfo.c:7:17: error: stray '\302' in program
         "cpuid\n\t"                            \
                 ^
..\src\cpuinfo.c:110:9: note: in expansion of macro '__cpuid__'
     __cpuid__(eax, cpu->eax, cpu->ebx, cpu->ecx, cpu->edx);
         ^
..\src\cpuinfo.c:7:17: error: stray '\240' in program
         "cpuid\n\t"                            \
                 ^
..\src\cpuinfo.c:110:9: note: in expansion of macro '__cpuid__'
     __cpuid__(eax, cpu->eax, cpu->ebx, cpu->ecx, cpu->edx);
         ^
..\src\cpuinfo.c:7:17: error: stray '\302' in program
         "cpuid\n\t"                            \
                 ^
..\src\cpuinfo.c:110:9: note: in expansion of macro '__cpuid__'
     __cpuid__(eax, cpu->eax, cpu->ebx, cpu->ecx, cpu->edx);
         ^
..\src\cpuinfo.c:7:17: error: stray '\240' in program
         "cpuid\n\t"                            \
                 ^
..\src\cpuinfo.c:110:9: note: in expansion of macro '__cpuid__'
     __cpuid__(eax, cpu->eax, cpu->ebx, cpu->ecx, cpu->edx);
         ^
..\src\cpuinfo.c:7:17: error: stray '\302' in program
         "cpuid\n\t"                            \
                 ^
..\src\cpuinfo.c:110:9: note: in expansion of macro '__cpuid__'
     __cpuid__(eax, cpu->eax, cpu->ebx, cpu->ecx, cpu->edx);
         ^
..\src\cpuinfo.c:7:17: error: stray '\240' in program
         "cpuid\n\t"                            \
                 ^
..\src\cpuinfo.c:110:9: note: in expansion of macro '__cpuid__'
     __cpuid__(eax, cpu->eax, cpu->ebx, cpu->ecx, cpu->edx);
         ^
..\src\cpuinfo.c:7:17: error: stray '\302' in program
         "cpuid\n\t"                            \
                 ^
..\src\cpuinfo.c:110:9: note: in expansion of macro '__cpuid__'
     __cpuid__(eax, cpu->eax, cpu->ebx, cpu->ecx, cpu->edx);
         ^
..\src\cpuinfo.c:7:17: error: stray '\240' in program
         "cpuid\n\t"                            \
                 ^
..\src\cpuinfo.c:110:9: note: in expansion of macro '__cpuid__'
     __cpuid__(eax, cpu->eax, cpu->ebx, cpu->ecx, cpu->edx);
         ^
..\src\cpuinfo.c:7:17: error: stray '\302' in program
         "cpuid\n\t"                            \
                 ^
..\src\cpuinfo.c:110:9: note: in expansion of macro '__cpuid__'
     __cpuid__(eax, cpu->eax, cpu->ebx, cpu->ecx, cpu->edx);
         ^
..\src\cpuinfo.c:7:17: error: stray '\240' in program
         "cpuid\n\t"                            \
                 ^
..\src\cpuinfo.c:110:9: note: in expansion of macro '__cpuid__'
     __cpuid__(eax, cpu->eax, cpu->ebx, cpu->ecx, cpu->edx);
         ^
..\src\cpuinfo.c:7:17: error: stray '\302' in program
         "cpuid\n\t"                            \
                 ^
..\src\cpuinfo.c:110:9: note: in expansion of macro '__cpuid__'
     __cpuid__(eax, cpu->eax, cpu->ebx, cpu->ecx, cpu->edx);
         ^
..\src\cpuinfo.c:7:17: error: stray '\240' in program
         "cpuid\n\t"                            \
                 ^
..\src\cpuinfo.c:110:9: note: in expansion of macro '__cpuid__'
     __cpuid__(eax, cpu->eax, cpu->ebx, cpu->ecx, cpu->edx);
         ^
..\src\cpuinfo.c:7:17: error: stray '\302' in program
         "cpuid\n\t"                            \
                 ^
..\src\cpuinfo.c:110:9: note: in expansion of macro '__cpuid__'
     __cpuid__(eax, cpu->eax, cpu->ebx, cpu->ecx, cpu->edx);
         ^
..\src\cpuinfo.c:7:17: error: stray '\240' in program
         "cpuid\n\t"                            \
                 ^
..\src\cpuinfo.c:110:9: note: in expansion of macro '__cpuid__'
     __cpuid__(eax, cpu->eax, cpu->ebx, cpu->ecx, cpu->edx);
         ^
..\src\cpuinfo.c:7:17: error: stray '\302' in program
         "cpuid\n\t"                            \
                 ^
..\src\cpuinfo.c:110:9: note: in expansion of macro '__cpuid__'
     __cpuid__(eax, cpu->eax, cpu->ebx, cpu->ecx, cpu->edx);
         ^
..\src\cpuinfo.c:7:17: error: stray '\240' in program
         "cpuid\n\t"                            \
                 ^
..\src\cpuinfo.c:110:9: note: in expansion of macro '__cpuid__'
     __cpuid__(eax, cpu->eax, cpu->ebx, cpu->ecx, cpu->edx);
         ^
..\src\cpuinfo.c:7:17: error: stray '\302' in program
         "cpuid\n\t"                            \
                 ^
..\src\cpuinfo.c:110:9: note: in expansion of macro '__cpuid__'
     __cpuid__(eax, cpu->eax, cpu->ebx, cpu->ecx, cpu->edx);
         ^
..\src\cpuinfo.c:7:17: error: stray '\240' in program
         "cpuid\n\t"                            \
                 ^
..\src\cpuinfo.c:110:9: note: in expansion of macro '__cpuid__'
     __cpuid__(eax, cpu->eax, cpu->ebx, cpu->ecx, cpu->edx);
         ^
..\src\cpuinfo.c:7:17: error: stray '\302' in program
         "cpuid\n\t"                            \
                 ^
..\src\cpuinfo.c:110:9: note: in expansion of macro '__cpuid__'
     __cpuid__(eax, cpu->eax, cpu->ebx, cpu->ecx, cpu->edx);
         ^
..\src\cpuinfo.c:7:17: error: stray '\240' in program
         "cpuid\n\t"                            \
                 ^
..\src\cpuinfo.c:110:9: note: in expansion of macro '__cpuid__'
     __cpuid__(eax, cpu->eax, cpu->ebx, cpu->ecx, cpu->edx);
         ^
..\src\cpuinfo.c:7:17: error: stray '\302' in program
         "cpuid\n\t"                            \
                 ^
..\src\cpuinfo.c:110:9: note: in expansion of macro '__cpuid__'
     __cpuid__(eax, cpu->eax, cpu->ebx, cpu->ecx, cpu->edx);
         ^
..\src\cpuinfo.c:7:17: error: stray '\240' in program
         "cpuid\n\t"                            \
                 ^
..\src\cpuinfo.c:110:9: note: in expansion of macro '__cpuid__'
     __cpuid__(eax, cpu->eax, cpu->ebx, cpu->ecx, cpu->edx);
         ^
..\src\cpuinfo.c:7:17: error: stray '\302' in program
         "cpuid\n\t"                            \
                 ^
..\src\cpuinfo.c:110:9: note: in expansion of macro '__cpuid__'
     __cpuid__(eax, cpu->eax, cpu->ebx, cpu->ecx, cpu->edx);
         ^
..\src\cpuinfo.c:7:17: error: stray '\240' in program
         "cpuid\n\t"                            \
                 ^
..\src\cpuinfo.c:110:9: note: in expansion of macro '__cpuid__'
     __cpuid__(eax, cpu->eax, cpu->ebx, cpu->ecx, cpu->edx);
         ^
..\src\cpuinfo.c:7:17: error: stray '\302' in program
         "cpuid\n\t"                            \
                 ^
..\src\cpuinfo.c:110:9: note: in expansion of macro '__cpuid__'
     __cpuid__(eax, cpu->eax, cpu->ebx, cpu->ecx, cpu->edx);
         ^
..\src\cpuinfo.c:7:17: error: stray '\240' in program
         "cpuid\n\t"                            \
                 ^
..\src\cpuinfo.c:110:9: note: in expansion of macro '__cpuid__'
     __cpuid__(eax, cpu->eax, cpu->ebx, cpu->ecx, cpu->edx);
         ^
..\src\cpuinfo.c:7:17: error: stray '\302' in program
         "cpuid\n\t"                            \
                 ^
..\src\cpuinfo.c:110:9: note: in expansion of macro '__cpuid__'
     __cpuid__(eax, cpu->eax, cpu->ebx, cpu->ecx, cpu->edx);
         ^
..\src\cpuinfo.c:7:17: error: stray '\240' in program
         "cpuid\n\t"                            \
                 ^
..\src\cpuinfo.c:110:9: note: in expansion of macro '__cpuid__'
     __cpuid__(eax, cpu->eax, cpu->ebx, cpu->ecx, cpu->edx);
         ^
..\src\cpuinfo.c:7:17: error: stray '\302' in program
         "cpuid\n\t"                            \
                 ^
..\src\cpuinfo.c:110:9: note: in expansion of macro '__cpuid__'
     __cpuid__(eax, cpu->eax, cpu->ebx, cpu->ecx, cpu->edx);
         ^
..\src\cpuinfo.c:7:17: error: stray '\240' in program
         "cpuid\n\t"                            \
                 ^
..\src\cpuinfo.c:110:9: note: in expansion of macro '__cpuid__'
     __cpuid__(eax, cpu->eax, cpu->ebx, cpu->ecx, cpu->edx);
         ^
..\src\cpuinfo.c:7:17: error: stray '\302' in program
         "cpuid\n\t"                            \
                 ^
..\src\cpuinfo.c:110:9: note: in expansion of macro '__cpuid__'
     __cpuid__(eax, cpu->eax, cpu->ebx, cpu->ecx, cpu->edx);
         ^
..\src\cpuinfo.c:7:17: error: stray '\240' in program
         "cpuid\n\t"                            \
                 ^
..\src\cpuinfo.c:110:9: note: in expansion of macro '__cpuid__'
     __cpuid__(eax, cpu->eax, cpu->ebx, cpu->ecx, cpu->edx);
         ^
..\src\cpuinfo.c:7:17: error: stray '\302' in program
         "cpuid\n\t"                            \
                 ^
..\src\cpuinfo.c:110:9: note: in expansion of macro '__cpuid__'
     __cpuid__(eax, cpu->eax, cpu->ebx, cpu->ecx, cpu->edx);
         ^
..\src\cpuinfo.c:7:17: error: stray '\240' in program
         "cpuid\n\t"                            \
                 ^
..\src\cpuinfo.c:110:9: note: in expansion of macro '__cpuid__'
     __cpuid__(eax, cpu->eax, cpu->ebx, cpu->ecx, cpu->edx);
         ^
..\src\cpuinfo.c:7:17: error: stray '\302' in program
         "cpuid\n\t"                            \
                 ^
..\src\cpuinfo.c:110:9: note: in expansion of macro '__cpuid__'
     __cpuid__(eax, cpu->eax, cpu->ebx, cpu->ecx, cpu->edx);
         ^
..\src\cpuinfo.c:7:17: error: stray '\240' in program
         "cpuid\n\t"                            \
                 ^
..\src\cpuinfo.c:110:9: note: in expansion of macro '__cpuid__'
     __cpuid__(eax, cpu->eax, cpu->ebx, cpu->ecx, cpu->edx);
         ^
..\src\cpuinfo.c:7:17: error: stray '\302' in program
         "cpuid\n\t"                            \
                 ^
..\src\cpuinfo.c:110:9: note: in expansion of macro '__cpuid__'
     __cpuid__(eax, cpu->eax, cpu->ebx, cpu->ecx, cpu->edx);
         ^
..\src\cpuinfo.c:7:17: error: stray '\240' in program
         "cpuid\n\t"                            \
                 ^
..\src\cpuinfo.c:110:9: note: in expansion of macro '__cpuid__'
     __cpuid__(eax, cpu->eax, cpu->ebx, cpu->ecx, cpu->edx);
         ^
..\src\cpuinfo.c:7:17: error: stray '\302' in program
         "cpuid\n\t"                            \
                 ^
..\src\cpuinfo.c:110:9: note: in expansion of macro '__cpuid__'
     __cpuid__(eax, cpu->eax, cpu->ebx, cpu->ecx, cpu->edx);
         ^
..\src\cpuinfo.c:7:17: error: stray '\240' in program
         "cpuid\n\t"                            \
                 ^
..\src\cpuinfo.c:110:9: note: in expansion of macro '__cpuid__'
     __cpuid__(eax, cpu->eax, cpu->ebx, cpu->ecx, cpu->edx);
         ^
..\src\cpuinfo.c:7:17: error: stray '\302' in program
         "cpuid\n\t"                            \
                 ^
..\src\cpuinfo.c:110:9: note: in expansion of macro '__cpuid__'
     __cpuid__(eax, cpu->eax, cpu->ebx, cpu->ecx, cpu->edx);
         ^
..\src\cpuinfo.c:7:17: error: stray '\240' in program
         "cpuid\n\t"                            \
                 ^
..\src\cpuinfo.c:110:9: note: in expansion of macro '__cpuid__'
     __cpuid__(eax, cpu->eax, cpu->ebx, cpu->ecx, cpu->edx);
         ^
..\src\cpuinfo.c:7:17: error: stray '\302' in program
         "cpuid\n\t"                            \
                 ^
..\src\cpuinfo.c:110:9: note: in expansion of macro '__cpuid__'
     __cpuid__(eax, cpu->eax, cpu->ebx, cpu->ecx, cpu->edx);
         ^
..\src\cpuinfo.c:7:17: error: stray '\240' in program
         "cpuid\n\t"                            \
                 ^
..\src\cpuinfo.c:110:9: note: in expansion of macro '__cpuid__'
     __cpuid__(eax, cpu->eax, cpu->ebx, cpu->ecx, cpu->edx);
         ^
..\src\cpuinfo.c:7:17: error: stray '\302' in program
         "cpuid\n\t"                            \
                 ^
..\src\cpuinfo.c:110:9: note: in expansion of macro '__cpuid__'
     __cpuid__(eax, cpu->eax, cpu->ebx, cpu->ecx, cpu->edx);
         ^
..\src\cpuinfo.c:7:17: error: stray '\240' in program
         "cpuid\n\t"                            \
                 ^
..\src\cpuinfo.c:110:9: note: in expansion of macro '__cpuid__'
     __cpuid__(eax, cpu->eax, cpu->ebx, cpu->ecx, cpu->edx);
         ^
..\src\cpuinfo.c:7:17: error: stray '\302' in program
         "cpuid\n\t"                            \
                 ^
..\src\cpuinfo.c:110:9: note: in expansion of macro '__cpuid__'
     __cpuid__(eax, cpu->eax, cpu->ebx, cpu->ecx, cpu->edx);
         ^
..\src\cpuinfo.c:7:17: error: stray '\240' in program
         "cpuid\n\t"                            \
                 ^
..\src\cpuinfo.c:110:9: note: in expansion of macro '__cpuid__'
     __cpuid__(eax, cpu->eax, cpu->ebx, cpu->ecx, cpu->edx);
         ^
..\src\cpuinfo.c:7:17: error: stray '\302' in program
         "cpuid\n\t"                            \
                 ^
..\src\cpuinfo.c:110:9: note: in expansion of macro '__cpuid__'
     __cpuid__(eax, cpu->eax, cpu->ebx, cpu->ecx, cpu->edx);
         ^
..\src\cpuinfo.c:7:17: error: stray '\240' in program
         "cpuid\n\t"                            \
                 ^
..\src\cpuinfo.c:110:9: note: in expansion of macro '__cpuid__'
     __cpuid__(eax, cpu->eax, cpu->ebx, cpu->ecx, cpu->edx);
         ^
..\src\cpuinfo.c:7:17: error: stray '\302' in program
         "cpuid\n\t"                            \
                 ^
..\src\cpuinfo.c:110:9: note: in expansion of macro '__cpuid__'
     __cpuid__(eax, cpu->eax, cpu->ebx, cpu->ecx, cpu->edx);
         ^
..\src\cpuinfo.c:7:17: error: stray '\240' in program
         "cpuid\n\t"                            \
                 ^
..\src\cpuinfo.c:110:9: note: in expansion of macro '__cpuid__'
     __cpuid__(eax, cpu->eax, cpu->ebx, cpu->ecx, cpu->edx);
         ^
..\src\cpuinfo.c:7:17: error: stray '\302' in program
         "cpuid\n\t"                            \
                 ^
..\src\cpuinfo.c:110:9: note: in expansion of macro '__cpuid__'
     __cpuid__(eax, cpu->eax, cpu->ebx, cpu->ecx, cpu->edx);
         ^
..\src\cpuinfo.c:7:17: error: stray '\240' in program
         "cpuid\n\t"                            \
                 ^
..\src\cpuinfo.c:110:9: note: in expansion of macro '__cpuid__'
     __cpuid__(eax, cpu->eax, cpu->ebx, cpu->ecx, cpu->edx);
         ^
..\src\cpuinfo.c:7:17: error: stray '\302' in program
         "cpuid\n\t"                            \
                 ^
..\src\cpuinfo.c:110:9: note: in expansion of macro '__cpuid__'
     __cpuid__(eax, cpu->eax, cpu->ebx, cpu->ecx, cpu->edx);
         ^
..\src\cpuinfo.c:7:17: error: stray '\240' in program
         "cpuid\n\t"                            \
                 ^
..\src\cpuinfo.c:110:9: note: in expansion of macro '__cpuid__'
     __cpuid__(eax, cpu->eax, cpu->ebx, cpu->ecx, cpu->edx);
         ^
..\src\cpuinfo.c:7:17: error: stray '\302' in program
         "cpuid\n\t"                            \
                 ^
..\src\cpuinfo.c:110:9: note: in expansion of macro '__cpuid__'
     __cpuid__(eax, cpu->eax, cpu->ebx, cpu->ecx, cpu->edx);
         ^
..\src\cpuinfo.c:7:17: error: stray '\240' in program
         "cpuid\n\t"                            \
                 ^
..\src\cpuinfo.c:110:9: note: in expansion of macro '__cpuid__'
     __cpuid__(eax, cpu->eax, cpu->ebx, cpu->ecx, cpu->edx);
         ^
..\src\cpuinfo.c:7:17: error: stray '\302' in program
         "cpuid\n\t"                            \
                 ^
..\src\cpuinfo.c:110:9: note: in expansion of macro '__cpuid__'
     __cpuid__(eax, cpu->eax, cpu->ebx, cpu->ecx, cpu->edx);
         ^
..\src\cpuinfo.c:7:17: error: stray '\240' in program
         "cpuid\n\t"                            \
                 ^
..\src\cpuinfo.c:110:9: note: in expansion of macro '__cpuid__'
     __cpuid__(eax, cpu->eax, cpu->ebx, cpu->ecx, cpu->edx);
         ^
..\src\cpuinfo.c:7:17: error: stray '\302' in program
         "cpuid\n\t"                            \
                 ^
..\src\cpuinfo.c:110:9: note: in expansion of macro '__cpuid__'
     __cpuid__(eax, cpu->eax, cpu->ebx, cpu->ecx, cpu->edx);
         ^
..\src\cpuinfo.c:7:17: error: stray '\240' in program
         "cpuid\n\t"                            \
                 ^
..\src\cpuinfo.c:110:9: note: in expansion of macro '__cpuid__'
     __cpuid__(eax, cpu->eax, cpu->ebx, cpu->ecx, cpu->edx);
         ^
..\src\cpuinfo.c:7:17: error: stray '\302' in program
         "cpuid\n\t"                            \
                 ^
..\src\cpuinfo.c:110:9: note: in expansion of macro '__cpuid__'
     __cpuid__(eax, cpu->eax, cpu->ebx, cpu->ecx, cpu->edx);
         ^
..\src\cpuinfo.c:7:17: error: stray '\240' in program
         "cpuid\n\t"                            \
                 ^
..\src\cpuinfo.c:110:9: note: in expansion of macro '__cpuid__'
     __cpuid__(eax, cpu->eax, cpu->ebx, cpu->ecx, cpu->edx);
         ^
..\src\cpuinfo.c:7:17: error: stray '\302' in program
         "cpuid\n\t"                            \
                 ^
..\src\cpuinfo.c:110:9: note: in expansion of macro '__cpuid__'
     __cpuid__(eax, cpu->eax, cpu->ebx, cpu->ecx, cpu->edx);
         ^
..\src\cpuinfo.c:7:17: error: stray '\240' in program
         "cpuid\n\t"                            \
                 ^
..\src\cpuinfo.c:110:9: note: in expansion of macro '__cpuid__'
     __cpuid__(eax, cpu->eax, cpu->ebx, cpu->ecx, cpu->edx);
         ^
..\src\cpuinfo.c:7:17: error: stray '\302' in program
         "cpuid\n\t"                            \
                 ^
..\src\cpuinfo.c:110:9: note: in expansion of macro '__cpuid__'
     __cpuid__(eax, cpu->eax, cpu->ebx, cpu->ecx, cpu->edx);
         ^
..\src\cpuinfo.c:7:17: error: stray '\240' in program
         "cpuid\n\t"                            \
                 ^
..\src\cpuinfo.c:110:9: note: in expansion of macro '__cpuid__'
     __cpuid__(eax, cpu->eax, cpu->ebx, cpu->ecx, cpu->edx);
         ^
..\src\cpuinfo.c:7:17: error: stray '\302' in program
         "cpuid\n\t"                            \
                 ^
..\src\cpuinfo.c:110:9: note: in expansion of macro '__cpuid__'
     __cpuid__(eax, cpu->eax, cpu->ebx, cpu->ecx, cpu->edx);
         ^
..\src\cpuinfo.c:7:17: error: stray '\240' in program
         "cpuid\n\t"                            \
                 ^
..\src\cpuinfo.c:110:9: note: in expansion of macro '__cpuid__'
     __cpuid__(eax, cpu->eax, cpu->ebx, cpu->ecx, cpu->edx);
         ^
..\src\cpuinfo.c:7:17: error: stray '\302' in program
         "cpuid\n\t"                            \
                 ^
..\src\cpuinfo.c:110:9: note: in expansion of macro '__cpuid__'
     __cpuid__(eax, cpu->eax, cpu->ebx, cpu->ecx, cpu->edx);
         ^
..\src\cpuinfo.c:7:17: error: stray '\240' in program
         "cpuid\n\t"                            \
                 ^
..\src\cpuinfo.c:110:9: note: in expansion of macro '__cpuid__'
     __cpuid__(eax, cpu->eax, cpu->ebx, cpu->ecx, cpu->edx);
         ^
..\src\cpuinfo.c:7:17: error: stray '\302' in program
         "cpuid\n\t"                            \
                 ^
..\src\cpuinfo.c:110:9: note: in expansion of macro '__cpuid__'
     __cpuid__(eax, cpu->eax, cpu->ebx, cpu->ecx, cpu->edx);
         ^
..\src\cpuinfo.c:7:17: error: stray '\240' in program
         "cpuid\n\t"                            \
                 ^
..\src\cpuinfo.c:110:9: note: in expansion of macro '__cpuid__'
     __cpuid__(eax, cpu->eax, cpu->ebx, cpu->ecx, cpu->edx);
         ^
..\src\cpuinfo.c:7:17: error: stray '\302' in program
         "cpuid\n\t"                            \
                 ^
..\src\cpuinfo.c:110:9: note: in expansion of macro '__cpuid__'
     __cpuid__(eax, cpu->eax, cpu->ebx, cpu->ecx, cpu->edx);
         ^
..\src\cpuinfo.c:7:17: error: stray '\240' in program
         "cpuid\n\t"                            \
                 ^
..\src\cpuinfo.c:110:9: note: in expansion of macro '__cpuid__'
     __cpuid__(eax, cpu->eax, cpu->ebx, cpu->ecx, cpu->edx);
         ^
..\src\cpuinfo.c:7:17: error: stray '\302' in program
         "cpuid\n\t"                            \
                 ^
..\src\cpuinfo.c:110:9: note: in expansion of macro '__cpuid__'
     __cpuid__(eax, cpu->eax, cpu->ebx, cpu->ecx, cpu->edx);
         ^
..\src\cpuinfo.c:7:17: error: stray '\240' in program
         "cpuid\n\t"                            \
                 ^
..\src\cpuinfo.c:110:9: note: in expansion of macro '__cpuid__'
     __cpuid__(eax, cpu->eax, cpu->ebx, cpu->ecx, cpu->edx);
         ^
..\src\cpuinfo.c:7:17: error: stray '\302' in program
         "cpuid\n\t"                            \
                 ^
..\src\cpuinfo.c:110:9: note: in expansion of macro '__cpuid__'
     __cpuid__(eax, cpu->eax, cpu->ebx, cpu->ecx, cpu->edx);
         ^
..\src\cpuinfo.c:7:17: error: stray '\240' in program
         "cpuid\n\t"                            \
                 ^
..\src\cpuinfo.c:110:9: note: in expansion of macro '__cpuid__'
     __cpuid__(eax, cpu->eax, cpu->ebx, cpu->ecx, cpu->edx);
         ^
..\src\cpuinfo.c:7:17: error: stray '\302' in program
         "cpuid\n\t"                            \
                 ^
..\src\cpuinfo.c:110:9: note: in expansion of macro '__cpuid__'
     __cpuid__(eax, cpu->eax, cpu->ebx, cpu->ecx, cpu->edx);
         ^
..\src\cpuinfo.c:7:17: error: stray '\240' in program
         "cpuid\n\t"                            \
                 ^
..\src\cpuinfo.c:110:9: note: in expansion of macro '__cpuid__'
     __cpuid__(eax, cpu->eax, cpu->ebx, cpu->ecx, cpu->edx);
         ^
..\src\cpuinfo.c:7:17: error: stray '\302' in program
         "cpuid\n\t"                            \
                 ^
..\src\cpuinfo.c:110:9: note: in expansion of macro '__cpuid__'
     __cpuid__(eax, cpu->eax, cpu->ebx, cpu->ecx, cpu->edx);
         ^
..\src\cpuinfo.c:7:17: error: stray '\240' in program
         "cpuid\n\t"                            \
                 ^
..\src\cpuinfo.c:110:9: note: in expansion of macro '__cpuid__'
     __cpuid__(eax, cpu->eax, cpu->ebx, cpu->ecx, cpu->edx);
         ^
..\src\cpuinfo.c:7:17: error: stray '\302' in program
         "cpuid\n\t"                            \
                 ^
..\src\cpuinfo.c:110:9: note: in expansion of macro '__cpuid__'
     __cpuid__(eax, cpu->eax, cpu->ebx, cpu->ecx, cpu->edx);
         ^
..\src\cpuinfo.c:7:17: error: stray '\240' in program
         "cpuid\n\t"                            \
                 ^
..\src\cpuinfo.c:110:9: note: in expansion of macro '__cpuid__'
     __cpuid__(eax, cpu->eax, cpu->ebx, cpu->ecx, cpu->edx);
         ^
..\src\cpuinfo.c:7:17: error: stray '\302' in program
         "cpuid\n\t"                            \
                 ^
..\src\cpuinfo.c:110:9: note: in expansion of macro '__cpuid__'
     __cpuid__(eax, cpu->eax, cpu->ebx, cpu->ecx, cpu->edx);
         ^
..\src\cpuinfo.c:7:17: error: stray '\240' in program
         "cpuid\n\t"                            \
                 ^
..\src\cpuinfo.c:110:9: note: in expansion of macro '__cpuid__'
     __cpuid__(eax, cpu->eax, cpu->ebx, cpu->ecx, cpu->edx);
         ^
..\src\cpuinfo.c:7:17: error: stray '\302' in program
         "cpuid\n\t"                            \
                 ^
..\src\cpuinfo.c:110:9: note: in expansion of macro '__cpuid__'
     __cpuid__(eax, cpu->eax, cpu->ebx, cpu->ecx, cpu->edx);
         ^
..\src\cpuinfo.c:7:17: error: stray '\240' in program
         "cpuid\n\t"                            \
                 ^
..\src\cpuinfo.c:110:9: note: in expansion of macro '__cpuid__'
     __cpuid__(eax, cpu->eax, cpu->ebx, cpu->ecx, cpu->edx);
         ^
..\src\cpuinfo.c:7:17: error: stray '\302' in program
         "cpuid\n\t"                            \
                 ^
..\src\cpuinfo.c:110:9: note: in expansion of macro '__cpuid__'
     __cpuid__(eax, cpu->eax, cpu->ebx, cpu->ecx, cpu->edx);
         ^
..\src\cpuinfo.c:7:17: error: stray '\240' in program
         "cpuid\n\t"                            \
                 ^
..\src\cpuinfo.c:110:9: note: in expansion of macro '__cpuid__'
     __cpuid__(eax, cpu->eax, cpu->ebx, cpu->ecx, cpu->edx);
         ^
..\src\cpuinfo.c:7:17: error: stray '\302' in program
         "cpuid\n\t"                            \
                 ^
..\src\cpuinfo.c:110:9: note: in expansion of macro '__cpuid__'
     __cpuid__(eax, cpu->eax, cpu->ebx, cpu->ecx, cpu->edx);
         ^
..\src\cpuinfo.c:7:17: error: stray '\240' in program
         "cpuid\n\t"                            \
                 ^
..\src\cpuinfo.c:110:9: note: in expansion of macro '__cpuid__'
     __cpuid__(eax, cpu->eax, cpu->ebx, cpu->ecx, cpu->edx);
         ^
..\src\cpuinfo.c:7:17: error: stray '\302' in program
         "cpuid\n\t"                            \
                 ^
..\src\cpuinfo.c:110:9: note: in expansion of macro '__cpuid__'
     __cpuid__(eax, cpu->eax, cpu->ebx, cpu->ecx, cpu->edx);
         ^
..\src\cpuinfo.c:7:17: error: stray '\240' in program
         "cpuid\n\t"                            \
                 ^
..\src\cpuinfo.c:110:9: note: in expansion of macro '__cpuid__'
     __cpuid__(eax, cpu->eax, cpu->ebx, cpu->ecx, cpu->edx);
         ^
..\src\cpuinfo.c:7:17: error: stray '\302' in program
         "cpuid\n\t"                            \
                 ^
..\src\cpuinfo.c:110:9: note: in expansion of macro '__cpuid__'
     __cpuid__(eax, cpu->eax, cpu->ebx, cpu->ecx, cpu->edx);
         ^
..\src\cpuinfo.c:7:17: error: stray '\240' in program
         "cpuid\n\t"                            \
                 ^
..\src\cpuinfo.c:110:9: note: in expansion of macro '__cpuid__'
     __cpuid__(eax, cpu->eax, cpu->ebx, cpu->ecx, cpu->edx);
         ^
..\src\cpuinfo.c:7:17: error: stray '\302' in program
         "cpuid\n\t"                            \
                 ^
..\src\cpuinfo.c:110:9: note: in expansion of macro '__cpuid__'
     __cpuid__(eax, cpu->eax, cpu->ebx, cpu->ecx, cpu->edx);
         ^
..\src\cpuinfo.c:7:17: error: stray '\240' in program
         "cpuid\n\t"                            \
                 ^
..\src\cpuinfo.c:110:9: note: in expansion of macro '__cpuid__'
     __cpuid__(eax, cpu->eax, cpu->ebx, cpu->ecx, cpu->edx);
         ^
..\src\cpuinfo.c:7:17: error: stray '\302' in program
         "cpuid\n\t"                            \
                 ^
..\src\cpuinfo.c:110:9: note: in expansion of macro '__cpuid__'
     __cpuid__(eax, cpu->eax, cpu->ebx, cpu->ecx, cpu->edx);
         ^
..\src\cpuinfo.c:7:17: error: stray '\240' in program
         "cpuid\n\t"                            \
                 ^
..\src\cpuinfo.c:110:9: note: in expansion of macro '__cpuid__'
     __cpuid__(eax, cpu->eax, cpu->ebx, cpu->ecx, cpu->edx);
         ^
..\src\cpuinfo.c:7:17: error: stray '\302' in program
         "cpuid\n\t"                            \
                 ^
..\src\cpuinfo.c:110:9: note: in expansion of macro '__cpuid__'
     __cpuid__(eax, cpu->eax, cpu->ebx, cpu->ecx, cpu->edx);
         ^
..\src\cpuinfo.c:7:17: error: stray '\240' in program
         "cpuid\n\t"                            \
                 ^
..\src\cpuinfo.c:110:9: note: in expansion of macro '__cpuid__'
     __cpuid__(eax, cpu->eax, cpu->ebx, cpu->ecx, cpu->edx);
         ^
..\src\cpuinfo.c:7:17: error: stray '\302' in program
         "cpuid\n\t"                            \
                 ^
..\src\cpuinfo.c:110:9: note: in expansion of macro '__cpuid__'
     __cpuid__(eax, cpu->eax, cpu->ebx, cpu->ecx, cpu->edx);
         ^
..\src\cpuinfo.c:7:17: error: stray '\240' in program
         "cpuid\n\t"                            \
                 ^
..\src\cpuinfo.c:110:9: note: in expansion of macro '__cpuid__'
     __cpuid__(eax, cpu->eax, cpu->ebx, cpu->ecx, cpu->edx);
         ^
..\src\cpuinfo.c:7:17: error: stray '\302' in program
         "cpuid\n\t"                            \
                 ^
..\src\cpuinfo.c:110:9: note: in expansion of macro '__cpuid__'
     __cpuid__(eax, cpu->eax, cpu->ebx, cpu->ecx, cpu->edx);
         ^
..\src\cpuinfo.c:7:17: error: stray '\240' in program
         "cpuid\n\t"                            \
                 ^
..\src\cpuinfo.c:110:9: note: in expansion of macro '__cpuid__'
     __cpuid__(eax, cpu->eax, cpu->ebx, cpu->ecx, cpu->edx);
         ^
..\src\cpuinfo.c:7:17: error: stray '\302' in program
         "cpuid\n\t"                            \
                 ^
..\src\cpuinfo.c:110:9: note: in expansion of macro '__cpuid__'
     __cpuid__(eax, cpu->eax, cpu->ebx, cpu->ecx, cpu->edx);
         ^
..\src\cpuinfo.c:7:17: error: stray '\240' in program
         "cpuid\n\t"                            \
                 ^
..\src\cpuinfo.c:110:9: note: in expansion of macro '__cpuid__'
     __cpuid__(eax, cpu->eax, cpu->ebx, cpu->ecx, cpu->edx);
         ^
..\src\cpuinfo.c:7:17: error: stray '\302' in program
         "cpuid\n\t"                            \
                 ^
..\src\cpuinfo.c:110:9: note: in expansion of macro '__cpuid__'
     __cpuid__(eax, cpu->eax, cpu->ebx, cpu->ecx, cpu->edx);
         ^
..\src\cpuinfo.c:7:17: error: stray '\240' in program
         "cpuid\n\t"                            \
                 ^
..\src\cpuinfo.c:110:9: note: in expansion of macro '__cpuid__'
     __cpuid__(eax, cpu->eax, cpu->ebx, cpu->ecx, cpu->edx);
         ^
..\src\cpuinfo.c:7:17: error: stray '\302' in program
         "cpuid\n\t"                            \
                 ^
..\src\cpuinfo.c:110:9: note: in expansion of macro '__cpuid__'
     __cpuid__(eax, cpu->eax, cpu->ebx, cpu->ecx, cpu->edx);
         ^
..\src\cpuinfo.c:7:17: error: stray '\240' in program
         "cpuid\n\t"                            \
                 ^
..\src\cpuinfo.c:110:9: note: in expansion of macro '__cpuid__'
     __cpuid__(eax, cpu->eax, cpu->ebx, cpu->ecx, cpu->edx);
         ^
..\src\cpuinfo.c:7:17: error: stray '\302' in program
         "cpuid\n\t"                            \
                 ^
..\src\cpuinfo.c:110:9: note: in expansion of macro '__cpuid__'
     __cpuid__(eax, cpu->eax, cpu->ebx, cpu->ecx, cpu->edx);
         ^
..\src\cpuinfo.c:7:17: error: stray '\240' in program
         "cpuid\n\t"                            \
                 ^
..\src\cpuinfo.c:110:9: note: in expansion of macro '__cpuid__'
     __cpuid__(eax, cpu->eax, cpu->ebx, cpu->ecx, cpu->edx);
         ^
..\src\cpuinfo.c:7:17: error: stray '\302' in program
         "cpuid\n\t"                            \
                 ^
..\src\cpuinfo.c:110:9: note: in expansion of macro '__cpuid__'
     __cpuid__(eax, cpu->eax, cpu->ebx, cpu->ecx, cpu->edx);
         ^
..\src\cpuinfo.c:7:17: error: stray '\240' in program
         "cpuid\n\t"                            \
                 ^
..\src\cpuinfo.c:110:9: note: in expansion of macro '__cpuid__'
     __cpuid__(eax, cpu->eax, cpu->ebx, cpu->ecx, cpu->edx);
         ^
..\src\cpuinfo.c:7:17: error: stray '\302' in program
         "cpuid\n\t"                            \
                 ^
..\src\cpuinfo.c:110:9: note: in expansion of macro '__cpuid__'
     __cpuid__(eax, cpu->eax, cpu->ebx, cpu->ecx, cpu->edx);
         ^
..\src\cpuinfo.c:7:17: error: stray '\240' in program
         "cpuid\n\t"                            \
                 ^
..\src\cpuinfo.c:110:9: note: in expansion of macro '__cpuid__'
     __cpuid__(eax, cpu->eax, cpu->ebx, cpu->ecx, cpu->edx);
         ^
..\src\cpuinfo.c:7:17: error: stray '\302' in program
         "cpuid\n\t"                            \
                 ^
..\src\cpuinfo.c:110:9: note: in expansion of macro '__cpuid__'
     __cpuid__(eax, cpu->eax, cpu->ebx, cpu->ecx, cpu->edx);
         ^
..\src\cpuinfo.c:7:17: error: stray '\240' in program
         "cpuid\n\t"                            \
                 ^
..\src\cpuinfo.c:110:9: note: in expansion of macro '__cpuid__'
     __cpuid__(eax, cpu->eax, cpu->ebx, cpu->ecx, cpu->edx);
         ^
..\src\cpuinfo.c:7:17: error: stray '\302' in program
         "cpuid\n\t"                            \
                 ^
..\src\cpuinfo.c:110:9: note: in expansion of macro '__cpuid__'
     __cpuid__(eax, cpu->eax, cpu->ebx, cpu->ecx, cpu->edx);
         ^
..\src\cpuinfo.c:7:17: error: stray '\240' in program
         "cpuid\n\t"                            \
                 ^
..\src\cpuinfo.c:110:9: note: in expansion of macro '__cpuid__'
     __cpuid__(eax, cpu->eax, cpu->ebx, cpu->ecx, cpu->edx);
         ^
..\src\cpuinfo.c:7:17: error: stray '\302' in program
         "cpuid\n\t"                            \
                 ^
..\src\cpuinfo.c:110:9: note: in expansion of macro '__cpuid__'
     __cpuid__(eax, cpu->eax, cpu->ebx, cpu->ecx, cpu->edx);
         ^
..\src\cpuinfo.c:7:17: error: stray '\240' in program
         "cpuid\n\t"                            \
                 ^
..\src\cpuinfo.c:110:9: note: in expansion of macro '__cpuid__'
     __cpuid__(eax, cpu->eax, cpu->ebx, cpu->ecx, cpu->edx);
         ^
..\src\cpuinfo.c:7:17: error: stray '\302' in program
         "cpuid\n\t"                            \
                 ^
..\src\cpuinfo.c:110:9: note: in expansion of macro '__cpuid__'
     __cpuid__(eax, cpu->eax, cpu->ebx, cpu->ecx, cpu->edx);
         ^
..\src\cpuinfo.c:7:17: error: stray '\240' in program
         "cpuid\n\t"                            \
                 ^
..\src\cpuinfo.c:110:9: note: in expansion of macro '__cpuid__'
     __cpuid__(eax, cpu->eax, cpu->ebx, cpu->ecx, cpu->edx);
         ^
..\src\cpuinfo.c:7:17: error: stray '\302' in program
         "cpuid\n\t"                            \
                 ^
..\src\cpuinfo.c:110:9: note: in expansion of macro '__cpuid__'
     __cpuid__(eax, cpu->eax, cpu->ebx, cpu->ecx, cpu->edx);
         ^
..\src\cpuinfo.c:7:17: error: stray '\240' in program
         "cpuid\n\t"                            \
                 ^
..\src\cpuinfo.c:110:9: note: in expansion of macro '__cpuid__'
     __cpuid__(eax, cpu->eax, cpu->ebx, cpu->ecx, cpu->edx);
         ^
..\src\cpuinfo.c:7:17: error: stray '\302' in program
         "cpuid\n\t"                            \
                 ^
..\src\cpuinfo.c:110:9: note: in expansion of macro '__cpuid__'
     __cpuid__(eax, cpu->eax, cpu->ebx, cpu->ecx, cpu->edx);
         ^
..\src\cpuinfo.c:7:17: error: stray '\240' in program
         "cpuid\n\t"                            \
                 ^
..\src\cpuinfo.c:110:9: note: in expansion of macro '__cpuid__'
     __cpuid__(eax, cpu->eax, cpu->ebx, cpu->ecx, cpu->edx);
         ^
..\src\cpuinfo.c:7:17: error: stray '\302' in program
         "cpuid\n\t"                            \
                 ^
..\src\cpuinfo.c:110:9: note: in expansion of macro '__cpuid__'
     __cpuid__(eax, cpu->eax, cpu->ebx, cpu->ecx, cpu->edx);
         ^
..\src\cpuinfo.c:7:17: error: stray '\240' in program
         "cpuid\n\t"                            \
                 ^
..\src\cpuinfo.c:110:9: note: in expansion of macro '__cpuid__'
     __cpuid__(eax, cpu->eax, cpu->ebx, cpu->ecx, cpu->edx);
         ^
..\src\cpuinfo.c:7:17: error: stray '\302' in program
         "cpuid\n\t"                            \
                 ^
..\src\cpuinfo.c:110:9: note: in expansion of macro '__cpuid__'
     __cpuid__(eax, cpu->eax, cpu->ebx, cpu->ecx, cpu->edx);
         ^
..\src\cpuinfo.c:7:17: error: stray '\240' in program
         "cpuid\n\t"                            \
                 ^
..\src\cpuinfo.c:110:9: note: in expansion of macro '__cpuid__'
     __cpuid__(eax, cpu->eax, cpu->ebx, cpu->ecx, cpu->edx);
         ^
..\src\cpuinfo.c:7:17: error: stray '\302' in program
         "cpuid\n\t"                            \
                 ^
..\src\cpuinfo.c:110:9: note: in expansion of macro '__cpuid__'
     __cpuid__(eax, cpu->eax, cpu->ebx, cpu->ecx, cpu->edx);
         ^
..\src\cpuinfo.c:7:17: error: stray '\240' in program
         "cpuid\n\t"                            \
                 ^
..\src\cpuinfo.c:110:9: note: in expansion of macro '__cpuid__'
     __cpuid__(eax, cpu->eax, cpu->ebx, cpu->ecx, cpu->edx);
         ^
..\src\cpuinfo.c:7:17: error: stray '\302' in program
         "cpuid\n\t"                            \
                 ^
..\src\cpuinfo.c:110:9: note: in expansion of macro '__cpuid__'
     __cpuid__(eax, cpu->eax, cpu->ebx, cpu->ecx, cpu->edx);
         ^
..\src\cpuinfo.c:7:17: error: stray '\240' in program
         "cpuid\n\t"                            \
                 ^
..\src\cpuinfo.c:110:9: note: in expansion of macro '__cpuid__'
     __cpuid__(eax, cpu->eax, cpu->ebx, cpu->ecx, cpu->edx);
         ^
..\src\cpuinfo.c:7:17: error: stray '\302' in program
         "cpuid\n\t"                            \
                 ^
..\src\cpuinfo.c:110:9: note: in expansion of macro '__cpuid__'
     __cpuid__(eax, cpu->eax, cpu->ebx, cpu->ecx, cpu->edx);
         ^
..\src\cpuinfo.c:7:17: error: stray '\240' in program
         "cpuid\n\t"                            \
                 ^
..\src\cpuinfo.c:110:9: note: in expansion of macro '__cpuid__'
     __cpuid__(eax, cpu->eax, cpu->ebx, cpu->ecx, cpu->edx);
         ^
..\src\cpuinfo.c:7:17: error: stray '\302' in program
         "cpuid\n\t"                            \
                 ^
..\src\cpuinfo.c:110:9: note: in expansion of macro '__cpuid__'
     __cpuid__(eax, cpu->eax, cpu->ebx, cpu->ecx, cpu->edx);
         ^
..\src\cpuinfo.c:7:17: error: stray '\240' in program
         "cpuid\n\t"                            \
                 ^
..\src\cpuinfo.c:110:9: note: in expansion of macro '__cpuid__'
     __cpuid__(eax, cpu->eax, cpu->ebx, cpu->ecx, cpu->edx);
         ^
..\src\cpuinfo.c:7:17: error: stray '\302' in program
         "cpuid\n\t"                            \
                 ^
..\src\cpuinfo.c:110:9: note: in expansion of macro '__cpuid__'
     __cpuid__(eax, cpu->eax, cpu->ebx, cpu->ecx, cpu->edx);
         ^
..\src\cpuinfo.c:7:17: error: stray '\240' in program
         "cpuid\n\t"                            \
                 ^
..\src\cpuinfo.c:110:9: note: in expansion of macro '__cpuid__'
     __cpuid__(eax, cpu->eax, cpu->ebx, cpu->ecx, cpu->edx);
         ^
..\src\cpuinfo.c:7:17: error: stray '\302' in program
         "cpuid\n\t"                            \
                 ^
..\src\cpuinfo.c:110:9: note: in expansion of macro '__cpuid__'
     __cpuid__(eax, cpu->eax, cpu->ebx, cpu->ecx, cpu->edx);
         ^
..\src\cpuinfo.c:7:17: error: stray '\240' in program
         "cpuid\n\t"                            \
                 ^
..\src\cpuinfo.c:110:9: note: in expansion of macro '__cpuid__'
     __cpuid__(eax, cpu->eax, cpu->ebx, cpu->ecx, cpu->edx);
         ^
..\src\cpuinfo.c:7:17: error: stray '\302' in program
         "cpuid\n\t"                            \
                 ^
..\src\cpuinfo.c:110:9: note: in expansion of macro '__cpuid__'
     __cpuid__(eax, cpu->eax, cpu->ebx, cpu->ecx, cpu->edx);
         ^
..\src\cpuinfo.c:7:17: error: stray '\240' in program
         "cpuid\n\t"                            \
                 ^
..\src\cpuinfo.c:110:9: note: in expansion of macro '__cpuid__'
     __cpuid__(eax, cpu->eax, cpu->ebx, cpu->ecx, cpu->edx);
         ^
..\src\cpuinfo.c:7:17: error: stray '\302' in program
         "cpuid\n\t"                            \
                 ^
..\src\cpuinfo.c:110:9: note: in expansion of macro '__cpuid__'
     __cpuid__(eax, cpu->eax, cpu->ebx, cpu->ecx, cpu->edx);
         ^
..\src\cpuinfo.c:7:17: error: stray '\240' in program
         "cpuid\n\t"                            \
                 ^
..\src\cpuinfo.c:110:9: note: in expansion of macro '__cpuid__'
     __cpuid__(eax, cpu->eax, cpu->ebx, cpu->ecx, cpu->edx);
         ^
..\src\cpuinfo.c:7:17: error: stray '\302' in program
         "cpuid\n\t"                            \
                 ^
..\src\cpuinfo.c:110:9: note: in expansion of macro '__cpuid__'
     __cpuid__(eax, cpu->eax, cpu->ebx, cpu->ecx, cpu->edx);
         ^
..\src\cpuinfo.c:7:17: error: stray '\240' in program
         "cpuid\n\t"                            \
                 ^
..\src\cpuinfo.c:110:9: note: in expansion of macro '__cpuid__'
     __cpuid__(eax, cpu->eax, cpu->ebx, cpu->ecx, cpu->edx);
         ^
..\src\cpuinfo.c:7:17: error: stray '\302' in program
         "cpuid\n\t"                            \
                 ^
..\src\cpuinfo.c:110:9: note: in expansion of macro '__cpuid__'
     __cpuid__(eax, cpu->eax, cpu->ebx, cpu->ecx, cpu->edx);
         ^
..\src\cpuinfo.c:7:17: error: stray '\240' in program
         "cpuid\n\t"                            \
                 ^
..\src\cpuinfo.c:110:9: note: in expansion of macro '__cpuid__'
     __cpuid__(eax, cpu->eax, cpu->ebx, cpu->ecx, cpu->edx);
         ^
..\src\cpuinfo.c:7:17: error: stray '\302' in program
         "cpuid\n\t"                            \
                 ^
..\src\cpuinfo.c:110:9: note: in expansion of macro '__cpuid__'
     __cpuid__(eax, cpu->eax, cpu->ebx, cpu->ecx, cpu->edx);
         ^
..\src\cpuinfo.c:7:17: error: stray '\240' in program
         "cpuid\n\t"                            \
                 ^
..\src\cpuinfo.c:110:9: note: in expansion of macro '__cpuid__'
     __cpuid__(eax, cpu->eax, cpu->ebx, cpu->ecx, cpu->edx);
         ^
..\src\cpuinfo.c:7:17: error: stray '\302' in program
         "cpuid\n\t"                            \
                 ^
..\src\cpuinfo.c:110:9: note: in expansion of macro '__cpuid__'
     __cpuid__(eax, cpu->eax, cpu->ebx, cpu->ecx, cpu->edx);
         ^
..\src\cpuinfo.c:7:17: error: stray '\240' in program
         "cpuid\n\t"                            \
                 ^
..\src\cpuinfo.c:110:9: note: in expansion of macro '__cpuid__'
     __cpuid__(eax, cpu->eax, cpu->ebx, cpu->ecx, cpu->edx);
         ^
..\src\cpuinfo.c:7:17: error: stray '\302' in program
         "cpuid\n\t"                            \
                 ^
..\src\cpuinfo.c:110:9: note: in expansion of macro '__cpuid__'
     __cpuid__(eax, cpu->eax, cpu->ebx, cpu->ecx, cpu->edx);
         ^
..\src\cpuinfo.c:7:17: error: stray '\240' in program
         "cpuid\n\t"                            \
                 ^
..\src\cpuinfo.c:110:9: note: in expansion of macro '__cpuid__'
     __cpuid__(eax, cpu->eax, cpu->ebx, cpu->ecx, cpu->edx);
         ^
..\src\cpuinfo.c:7:17: error: stray '\302' in program
         "cpuid\n\t"                            \
                 ^
..\src\cpuinfo.c:110:9: note: in expansion of macro '__cpuid__'
     __cpuid__(eax, cpu->eax, cpu->ebx, cpu->ecx, cpu->edx);
         ^
..\src\cpuinfo.c:7:17: error: stray '\240' in program
         "cpuid\n\t"                            \
                 ^
..\src\cpuinfo.c:110:9: note: in expansion of macro '__cpuid__'
     __cpuid__(eax, cpu->eax, cpu->ebx, cpu->ecx, cpu->edx);
         ^
..\src\cpuinfo.c:7:17: error: stray '\302' in program
         "cpuid\n\t"                            \
                 ^
..\src\cpuinfo.c:110:9: note: in expansion of macro '__cpuid__'
     __cpuid__(eax, cpu->eax, cpu->ebx, cpu->ecx, cpu->edx);
         ^
..\src\cpuinfo.c:7:17: error: stray '\240' in program
         "cpuid\n\t"                            \
                 ^
..\src\cpuinfo.c:110:9: note: in expansion of macro '__cpuid__'
     __cpuid__(eax, cpu->eax, cpu->ebx, cpu->ecx, cpu->edx);
         ^
..\src\cpuinfo.c:7:17: error: stray '\302' in program
         "cpuid\n\t"                            \
                 ^
..\src\cpuinfo.c:110:9: note: in expansion of macro '__cpuid__'
     __cpuid__(eax, cpu->eax, cpu->ebx, cpu->ecx, cpu->edx);
         ^
..\src\cpuinfo.c:7:17: error: stray '\240' in program
         "cpuid\n\t"                            \
                 ^
..\src\cpuinfo.c:110:9: note: in expansion of macro '__cpuid__'
     __cpuid__(eax, cpu->eax, cpu->ebx, cpu->ecx, cpu->edx);
         ^
..\src\cpuinfo.c:7:17: error: stray '\302' in program
         "cpuid\n\t"                            \
                 ^
..\src\cpuinfo.c:110:9: note: in expansion of macro '__cpuid__'
     __cpuid__(eax, cpu->eax, cpu->ebx, cpu->ecx, cpu->edx);
         ^
..\src\cpuinfo.c:7:17: error: stray '\240' in program
         "cpuid\n\t"                            \
                 ^
..\src\cpuinfo.c:110:9: note: in expansion of macro '__cpuid__'
     __cpuid__(eax, cpu->eax, cpu->ebx, cpu->ecx, cpu->edx);
         ^
..\src\cpuinfo.c:7:17: error: stray '\302' in program
         "cpuid\n\t"                            \
                 ^
..\src\cpuinfo.c:110:9: note: in expansion of macro '__cpuid__'
     __cpuid__(eax, cpu->eax, cpu->ebx, cpu->ecx, cpu->edx);
         ^
..\src\cpuinfo.c:7:17: error: stray '\240' in program
         "cpuid\n\t"                            \
                 ^
..\src\cpuinfo.c:110:9: note: in expansion of macro '__cpuid__'
     __cpuid__(eax, cpu->eax, cpu->ebx, cpu->ecx, cpu->edx);
         ^
..\src\cpuinfo.c:7:17: error: stray '\302' in program
         "cpuid\n\t"                            \
                 ^
..\src\cpuinfo.c:110:9: note: in expansion of macro '__cpuid__'
     __cpuid__(eax, cpu->eax, cpu->ebx, cpu->ecx, cpu->edx);
         ^
..\src\cpuinfo.c:7:17: error: stray '\240' in program
         "cpuid\n\t"                            \
                 ^
..\src\cpuinfo.c:110:9: note: in expansion of macro '__cpuid__'
     __cpuid__(eax, cpu->eax, cpu->ebx, cpu->ecx, cpu->edx);
         ^
..\src\cpuinfo.c:7:17: error: stray '\302' in program
         "cpuid\n\t"                            \
                 ^
..\src\cpuinfo.c:110:9: note: in expansion of macro '__cpuid__'
     __cpuid__(eax, cpu->eax, cpu->ebx, cpu->ecx, cpu->edx);
         ^
..\src\cpuinfo.c:7:17: error: stray '\240' in program
         "cpuid\n\t"                            \
                 ^
..\src\cpuinfo.c:110:9: note: in expansion of macro '__cpuid__'
     __cpuid__(eax, cpu->eax, cpu->ebx, cpu->ecx, cpu->edx);
         ^
..\src\cpuinfo.c:7:17: error: stray '\302' in program
         "cpuid\n\t"                            \
                 ^
..\src\cpuinfo.c:110:9: note: in expansion of macro '__cpuid__'
     __cpuid__(eax, cpu->eax, cpu->ebx, cpu->ecx, cpu->edx);
         ^
..\src\cpuinfo.c:7:17: error: stray '\240' in program
         "cpuid\n\t"                            \
                 ^
..\src\cpuinfo.c:110:9: note: in expansion of macro '__cpuid__'
     __cpuid__(eax, cpu->eax, cpu->ebx, cpu->ecx, cpu->edx);
         ^
..\src\cpuinfo.c:7:17: error: stray '\302' in program
         "cpuid\n\t"                            \
                 ^
..\src\cpuinfo.c:110:9: note: in expansion of macro '__cpuid__'
     __cpuid__(eax, cpu->eax, cpu->ebx, cpu->ecx, cpu->edx);
         ^
..\src\cpuinfo.c:7:17: error: stray '\240' in program
         "cpuid\n\t"                            \
                 ^
..\src\cpuinfo.c:110:9: note: in expansion of macro '__cpuid__'
     __cpuid__(eax, cpu->eax, cpu->ebx, cpu->ecx, cpu->edx);
         ^
..\src\cpuinfo.c:7:17: error: stray '\302' in program
         "cpuid\n\t"                            \
                 ^
..\src\cpuinfo.c:110:9: note: in expansion of macro '__cpuid__'
     __cpuid__(eax, cpu->eax, cpu->ebx, cpu->ecx, cpu->edx);
         ^
..\src\cpuinfo.c:7:17: error: stray '\240' in program
         "cpuid\n\t"                            \
                 ^
..\src\cpuinfo.c:110:9: note: in expansion of macro '__cpuid__'
     __cpuid__(eax, cpu->eax, cpu->ebx, cpu->ecx, cpu->edx);
         ^
..\src\cpuinfo.c:7:17: error: stray '\302' in program
         "cpuid\n\t"                            \
                 ^
..\src\cpuinfo.c:110:9: note: in expansion of macro '__cpuid__'
     __cpuid__(eax, cpu->eax, cpu->ebx, cpu->ecx, cpu->edx);
         ^
..\src\cpuinfo.c:7:17: error: stray '\240' in program
         "cpuid\n\t"                            \
                 ^
..\src\cpuinfo.c:110:9: note: in expansion of macro '__cpuid__'
     __cpuid__(eax, cpu->eax, cpu->ebx, cpu->ecx, cpu->edx);
         ^
..\src\cpuinfo.c:7:17: error: stray '\302' in program
         "cpuid\n\t"                            \
                 ^
..\src\cpuinfo.c:110:9: note: in expansion of macro '__cpuid__'
     __cpuid__(eax, cpu->eax, cpu->ebx, cpu->ecx, cpu->edx);
         ^
..\src\cpuinfo.c:7:17: error: stray '\240' in program
         "cpuid\n\t"                            \
                 ^
..\src\cpuinfo.c:110:9: note: in expansion of macro '__cpuid__'
     __cpuid__(eax, cpu->eax, cpu->ebx, cpu->ecx, cpu->edx);
         ^
..\src\cpuinfo.c:7:17: error: stray '\302' in program
         "cpuid\n\t"                            \
                 ^
..\src\cpuinfo.c:110:9: note: in expansion of macro '__cpuid__'
     __cpuid__(eax, cpu->eax, cpu->ebx, cpu->ecx, cpu->edx);
         ^
..\src\cpuinfo.c:7:17: error: stray '\240' in program
         "cpuid\n\t"                            \
                 ^
..\src\cpuinfo.c:110:9: note: in expansion of macro '__cpuid__'
     __cpuid__(eax, cpu->eax, cpu->ebx, cpu->ecx, cpu->edx);
         ^
..\src\cpuinfo.c:7:17: error: stray '\302' in program
         "cpuid\n\t"                            \
                 ^
..\src\cpuinfo.c:110:9: note: in expansion of macro '__cpuid__'
     __cpuid__(eax, cpu->eax, cpu->ebx, cpu->ecx, cpu->edx);
         ^
..\src\cpuinfo.c:7:17: error: stray '\240' in program
         "cpuid\n\t"                            \
                 ^
..\src\cpuinfo.c:110:9: note: in expansion of macro '__cpuid__'
     __cpuid__(eax, cpu->eax, cpu->ebx, cpu->ecx, cpu->edx);
         ^
..\src\cpuinfo.c:7:17: error: stray '\302' in program
         "cpuid\n\t"                            \
                 ^
..\src\cpuinfo.c:110:9: note: in expansion of macro '__cpuid__'
     __cpuid__(eax, cpu->eax, cpu->ebx, cpu->ecx, cpu->edx);
         ^
..\src\cpuinfo.c:7:17: error: stray '\240' in program
         "cpuid\n\t"                            \
                 ^
..\src\cpuinfo.c:110:9: note: in expansion of macro '__cpuid__'
     __cpuid__(eax, cpu->eax, cpu->ebx, cpu->ecx, cpu->edx);
         ^
..\src\cpuinfo.c:7:17: error: stray '\302' in program
         "cpuid\n\t"                            \
                 ^
..\src\cpuinfo.c:110:9: note: in expansion of macro '__cpuid__'
     __cpuid__(eax, cpu->eax, cpu->ebx, cpu->ecx, cpu->edx);
         ^
..\src\cpuinfo.c:7:17: error: stray '\240' in program
         "cpuid\n\t"                            \
                 ^
..\src\cpuinfo.c:110:9: note: in expansion of macro '__cpuid__'
     __cpuid__(eax, cpu->eax, cpu->ebx, cpu->ecx, cpu->edx);
         ^
..\src\cpuinfo.c:7:17: error: stray '\302' in program
         "cpuid\n\t"                            \
                 ^
..\src\cpuinfo.c:110:9: note: in expansion of macro '__cpuid__'
     __cpuid__(eax, cpu->eax, cpu->ebx, cpu->ecx, cpu->edx);
         ^
..\src\cpuinfo.c:7:17: error: stray '\240' in program
         "cpuid\n\t"                            \
                 ^
..\src\cpuinfo.c:110:9: note: in expansion of macro '__cpuid__'
     __cpuid__(eax, cpu->eax, cpu->ebx, cpu->ecx, cpu->edx);
         ^
..\src\cpuinfo.c:7:17: error: stray '\302' in program
         "cpuid\n\t"                            \
                 ^
..\src\cpuinfo.c:110:9: note: in expansion of macro '__cpuid__'
     __cpuid__(eax, cpu->eax, cpu->ebx, cpu->ecx, cpu->edx);
         ^
..\src\cpuinfo.c:7:17: error: stray '\240' in program
         "cpuid\n\t"                            \
                 ^
..\src\cpuinfo.c:110:9: note: in expansion of macro '__cpuid__'
     __cpuid__(eax, cpu->eax, cpu->ebx, cpu->ecx, cpu->edx);
         ^
..\src\cpuinfo.c:7:17: error: stray '\302' in program
         "cpuid\n\t"                            \
                 ^
..\src\cpuinfo.c:110:9: note: in expansion of macro '__cpuid__'
     __cpuid__(eax, cpu->eax, cpu->ebx, cpu->ecx, cpu->edx);
         ^
..\src\cpuinfo.c:7:17: error: stray '\240' in program
         "cpuid\n\t"                            \
                 ^
..\src\cpuinfo.c:110:9: note: in expansion of macro '__cpuid__'
     __cpuid__(eax, cpu->eax, cpu->ebx, cpu->ecx, cpu->edx);
         ^
..\src\cpuinfo.c:111:1: error: stray '\302' in program
  
 ^
..\src\cpuinfo.c:111:1: error: stray '\240' in program
..\src\cpuinfo.c:112:1: error: stray '\302' in program
     return 1;
 ^
..\src\cpuinfo.c:112:1: error: stray '\240' in program
..\src\cpuinfo.c:112:1: error: stray '\302' in program
..\src\cpuinfo.c:112:1: error: stray '\240' in program
..\src\cpuinfo.c:112:1: error: stray '\302' in program
..\src\cpuinfo.c:112:1: error: stray '\240' in program
..\src\cpuinfo.c:112:1: error: stray '\302' in program
..\src\cpuinfo.c:112:1: error: stray '\240' in program
Info: Nothing to build for h
